<?xml version="1.0" encoding="UTF-8"?>
<robot generator="Robot 6.1.1 (Python 3.10.12 on win32)" generated="20240830 10:00:00.095" rpa="false" schemaversion="4">
<suite id="s1" name="IFINSYS" source="d:\RPA\project3\automation\IFINSYS\IFINSYS.robot">
<test id="s1-t1" name="Open Card IFINCMS" line="12">
<kw name="Open Card IFINCMS" library="OpenCardModulesKeyword">
<kw name="Wait Until Element Contains" library="SeleniumLibrary">
<arg>//h4[@title="Base"]</arg>
<arg>Base</arg>
<doc>Waits until the element ``locator`` contains ``text``.</doc>
<msg timestamp="20240830 10:00:00.979" level="INFO">Cannot capture screenshot because no browser is open.</msg>
<msg timestamp="20240830 10:00:01.037" level="FAIL">No browser is open.</msg>
<status status="FAIL" starttime="20240830 10:00:00.978" endtime="20240830 10:00:01.054"/>
</kw>
<kw name="Click Element" library="SeleniumLibrary">
<arg>//h4[(contains(text(), "Base"))]</arg>
<doc>Click the element identified by ``locator``.</doc>
<status status="NOT RUN" starttime="20240830 10:00:01.055" endtime="20240830 10:00:01.056"/>
</kw>
<status status="FAIL" starttime="20240830 10:00:00.977" endtime="20240830 10:00:01.056"/>
</kw>
<status status="FAIL" starttime="20240830 10:00:00.976" endtime="20240830 10:00:01.061">No browser is open.</status>
</test>
<status status="FAIL" starttime="20240830 10:00:00.108" endtime="20240830 10:00:01.066"/>
</suite>
<statistics>
<total>
<stat pass="0" fail="1" skip="0">All Tests</stat>
</total>
<tag>
</tag>
<suite>
<stat pass="0" fail="1" skip="0" id="s1" name="IFINSYS">IFINSYS</stat>
</suite>
</statistics>
<errors>
</errors>
</robot>
