<?xml version="1.0" encoding="UTF-8"?>
<robot generator="Robot 6.1.1 (Python 3.10.12 on win32)" generated="20250226 11:06:59.956" rpa="false" schemaversion="4">
<suite id="s1" name="IFINSYS" source="c:\Users\Danu\Documents\RPAAutomation\automation\IFINSYS\IFINSYS.robot">
<test id="s1-t1" name="IFINSYS" line="396">
<kw name="Set Selenium Speed" library="SeleniumLibrary" type="SETUP">
<arg>0.2s</arg>
<doc>Sets the delay that is waited after each Selenium command.</doc>
<status status="PASS" starttime="20250226 11:07:00.589" endtime="20250226 11:07:00.591"/>
</kw>
<kw name="Open Browser &amp; Login" library="BaseKeywords">
<arg>Danu</arg>
<arg>Danu@2</arg>
<kw name="Create Webdriver" library="SeleniumLibrary">
<arg>Firefox</arg>
<doc>Creates an instance of Selenium WebDriver.</doc>
<msg timestamp="20250226 11:07:00.592" level="INFO">Creating an instance of the Firefox WebDriver.</msg>
<status status="PASS" starttime="20250226 11:07:00.592" endtime="20250226 11:07:06.046"/>
</kw>
<kw name="Open Browser" library="SeleniumLibrary">
<arg>${BASEURL}</arg>
<doc>Opens a new browser instance to the optional ``url``.</doc>
<msg timestamp="20250226 11:07:06.049" level="INFO">Opening browser 'firefox' to base url 'http://8.215.19.169:9100/'.</msg>
<status status="PASS" starttime="20250226 11:07:06.047" endtime="20250226 11:07:13.669"/>
</kw>
<kw name="Maximize Browser Window" library="SeleniumLibrary">
<doc>Maximizes current browser window.</doc>
<status status="PASS" starttime="20250226 11:07:13.669" endtime="20250226 11:07:14.131"/>
</kw>
<kw name="Wait Until Element Is Visible" library="SeleniumLibrary">
<arg>name:UserName</arg>
<doc>Waits until the element ``locator`` is visible.</doc>
<status status="PASS" starttime="20250226 11:07:14.132" endtime="20250226 11:07:14.563"/>
</kw>
<kw name="Wait Until Element Is Visible" library="SeleniumLibrary">
<arg>name:Password</arg>
<doc>Waits until the element ``locator`` is visible.</doc>
<status status="PASS" starttime="20250226 11:07:14.563" endtime="20250226 11:07:14.993"/>
</kw>
<kw name="Input Text" library="SeleniumLibrary">
<arg>name:UserName</arg>
<arg>${UserName}</arg>
<doc>Types the given ``text`` into the text field identified by ``locator``.</doc>
<msg timestamp="20250226 11:07:14.995" level="INFO">Typing text 'Danu' into text field 'name:UserName'.</msg>
<status status="PASS" starttime="20250226 11:07:14.994" endtime="20250226 11:07:15.639"/>
</kw>
<kw name="Input Password" library="SeleniumLibrary">
<arg>name:Password</arg>
<arg>${Password}</arg>
<doc>Types the given password into the text field identified by ``locator``.</doc>
<msg timestamp="20250226 11:07:15.641" level="INFO">Typing password into text field 'name:Password'.</msg>
<msg timestamp="20250226 11:07:16.072" level="INFO">Temporally setting log level to: NONE</msg>
<msg timestamp="20250226 11:07:16.302" level="INFO">Log level changed from NONE to INFO.</msg>
<status status="PASS" starttime="20250226 11:07:15.639" endtime="20250226 11:07:16.302"/>
</kw>
<kw name="Click Button" library="SeleniumLibrary">
<arg>//button[@type="submit"]</arg>
<doc>Clicks the button identified by ``locator``.</doc>
<msg timestamp="20250226 11:07:16.303" level="INFO">Clicking button '//button[@type="submit"]'.</msg>
<status status="PASS" starttime="20250226 11:07:16.302" endtime="20250226 11:07:17.578"/>
</kw>
<status status="PASS" starttime="20250226 11:07:00.591" endtime="20250226 11:07:17.578"/>
</kw>
<kw name="Open Modul" library="BaseKeywords">
<arg>Config</arg>
<kw name="Wait Until Element Is Visible" library="SeleniumLibrary">
<arg>id:ifin-searchbar</arg>
<arg>5s</arg>
<doc>Waits until the element ``locator`` is visible.</doc>
<status status="PASS" starttime="20250226 11:07:17.580" endtime="20250226 11:07:18.429"/>
</kw>
<kw name="Input Text" library="SeleniumLibrary">
<arg>id:ifin-searchbar</arg>
<arg>${CardName}</arg>
<doc>Types the given ``text`` into the text field identified by ``locator``.</doc>
<msg timestamp="20250226 11:07:18.429" level="INFO">Typing text 'Config' into text field 'id:ifin-searchbar'.</msg>
<status status="PASS" starttime="20250226 11:07:18.429" endtime="20250226 11:07:19.077"/>
</kw>
<kw name="Sleep" library="BuiltIn">
<arg>0.2s</arg>
<doc>Pauses the test executed for the given time.</doc>
<msg timestamp="20250226 11:07:19.278" level="INFO">Slept 200 milliseconds</msg>
<status status="PASS" starttime="20250226 11:07:19.078" endtime="20250226 11:07:19.278"/>
</kw>
<kw name="Wait Until Element Contains" library="SeleniumLibrary">
<arg>//h4[@title="${CardName}"]</arg>
<arg>${CardName}</arg>
<doc>Waits until the element ``locator`` contains ``text``.</doc>
<msg timestamp="20250226 11:07:19.496" level="INFO">Suppressing StaleElementReferenceException from Selenium.</msg>
<status status="PASS" starttime="20250226 11:07:19.279" endtime="20250226 11:07:20.138"/>
</kw>
<kw name="Click Element" library="SeleniumLibrary">
<arg>//h4[(contains(text(), "${CardName}"))]</arg>
<doc>Click the element identified by ``locator``.</doc>
<msg timestamp="20250226 11:07:20.139" level="INFO">Clicking element '//h4[(contains(text(), "Config"))]'.</msg>
<status status="PASS" starttime="20250226 11:07:20.138" endtime="20250226 11:07:22.886"/>
</kw>
<status status="PASS" starttime="20250226 11:07:17.579" endtime="20250226 11:07:22.886"/>
</kw>
<kw name="Open Sidebar Menu" library="BaseKeywords">
<arg>Parent</arg>
<arg>System Setting</arg>
<arg>Child</arg>
<arg>Master Dashboard</arg>
<kw name="Wait Until Element Is Visible" library="SeleniumLibrary">
<arg>(//span[text()="${Sidebar}"])[1]</arg>
<arg>timeout=5s</arg>
<doc>Waits until the element ``locator`` is visible.</doc>
<status status="PASS" starttime="20250226 11:07:22.888" endtime="20250226 11:07:24.578"/>
</kw>
<kw name="Execute Javascript" library="SeleniumLibrary">
<arg>document.evaluate('(//span[text()="${Sidebar}"])[1]', document, null, XPathResult.FIRST_ORDERED_NODE_TYPE, null).singleNodeValue.scrollIntoView({behavior: 'smooth', block: 'center'})</arg>
<doc>Executes the given JavaScript code with possible arguments.</doc>
<msg timestamp="20250226 11:07:24.579" level="INFO">Executing JavaScript:
document.evaluate('(//span[text()="System Setting"])[1]', document, null, XPathResult.FIRST_ORDERED_NODE_TYPE, null).singleNodeValue.scrollIntoView({behavior: 'smooth', block: 'center'})
Without any arguments.</msg>
<status status="PASS" starttime="20250226 11:07:24.578" endtime="20250226 11:07:24.794"/>
</kw>
<kw name="Click Element" library="SeleniumLibrary">
<arg>(//span[text()="${Sidebar}"])[1]</arg>
<doc>Click the element identified by ``locator``.</doc>
<msg timestamp="20250226 11:07:24.796" level="INFO">Clicking element '(//span[text()="System Setting"])[1]'.</msg>
<status status="PASS" starttime="20250226 11:07:24.794" endtime="20250226 11:07:25.431"/>
</kw>
<kw name="Run Keyword If" library="BuiltIn">
<arg>'${SidebarChildIndex}' == 'Child'</arg>
<arg>Click Child Sidebar</arg>
<arg>${ChildSidebar}</arg>
<arg>1</arg>
<doc>Runs the given keyword with the given arguments, if ``condition`` is true.</doc>
<kw name="Click Child Sidebar" library="BaseKeywords">
<arg>${ChildSidebar}</arg>
<arg>1</arg>
<kw name="Wait Until Element Is Visible" library="SeleniumLibrary">
<arg>(//span[text()="${ChildSidebar}"])[${index}]</arg>
<arg>timeout=5s</arg>
<doc>Waits until the element ``locator`` is visible.</doc>
<status status="PASS" starttime="20250226 11:07:25.433" endtime="20250226 11:07:25.867"/>
</kw>
<kw name="Execute Javascript" library="SeleniumLibrary">
<arg>document.evaluate('(//span[text()="${ChildSidebar}"])[${index}]', document, null, XPathResult.FIRST_ORDERED_NODE_TYPE, null).singleNodeValue.scrollIntoView({behavior: 'smooth', block: 'center'})</arg>
<doc>Executes the given JavaScript code with possible arguments.</doc>
<msg timestamp="20250226 11:07:25.868" level="INFO">Executing JavaScript:
document.evaluate('(//span[text()="Master Dashboard"])[1]', document, null, XPathResult.FIRST_ORDERED_NODE_TYPE, null).singleNodeValue.scrollIntoView({behavior: 'smooth', block: 'center'})
Without any arguments.</msg>
<status status="PASS" starttime="20250226 11:07:25.867" endtime="20250226 11:07:26.084"/>
</kw>
<kw name="Click Element" library="SeleniumLibrary">
<arg>(//span[text()="${ChildSidebar}"])[${index}]</arg>
<doc>Click the element identified by ``locator``.</doc>
<msg timestamp="20250226 11:07:26.085" level="INFO">Clicking element '(//span[text()="Master Dashboard"])[1]'.</msg>
<status status="PASS" starttime="20250226 11:07:26.085" endtime="20250226 11:07:26.718"/>
</kw>
<status status="PASS" starttime="20250226 11:07:25.433" endtime="20250226 11:07:26.718"/>
</kw>
<status status="PASS" starttime="20250226 11:07:25.432" endtime="20250226 11:07:26.718"/>
</kw>
<kw name="Run Keyword If" library="BuiltIn">
<arg>'${SidebarChildIndex}' == 'Child Of'</arg>
<arg>Click Child Sidebar</arg>
<arg>${ChildSidebar}</arg>
<arg>2</arg>
<doc>Runs the given keyword with the given arguments, if ``condition`` is true.</doc>
<status status="PASS" starttime="20250226 11:07:26.719" endtime="20250226 11:07:26.719"/>
</kw>
<status status="PASS" starttime="20250226 11:07:22.887" endtime="20250226 11:07:26.719"/>
</kw>
<kw name="Set Variable" library="BuiltIn">
<var>${Sheet1}</var>
<arg>Sheet1</arg>
<doc>Returns the given values which can then be assigned to a variables.</doc>
<msg timestamp="20250226 11:07:26.721" level="INFO">${Sheet1} = Sheet1</msg>
<status status="PASS" starttime="20250226 11:07:26.720" endtime="20250226 11:07:26.722"/>
</kw>
<kw name="Create Dictionary" library="BuiltIn">
<var>${Code}</var>
<arg>name=Code</arg>
<arg>column=A</arg>
<arg>field_type=text</arg>
<doc>Creates and returns a dictionary based on the given ``items``.</doc>
<msg timestamp="20250226 11:07:26.726" level="INFO">${Code} = {'name': 'Code', 'column': 'A', 'field_type': 'text'}</msg>
<status status="PASS" starttime="20250226 11:07:26.725" endtime="20250226 11:07:26.726"/>
</kw>
<kw name="Create Dictionary" library="BuiltIn">
<var>${Name}</var>
<arg>name=Name</arg>
<arg>column=B</arg>
<arg>field_type=text</arg>
<doc>Creates and returns a dictionary based on the given ``items``.</doc>
<msg timestamp="20250226 11:07:26.728" level="INFO">${Name} = {'name': 'Name', 'column': 'B', 'field_type': 'text'}</msg>
<status status="PASS" starttime="20250226 11:07:26.727" endtime="20250226 11:07:26.729"/>
</kw>
<kw name="Create Dictionary" library="BuiltIn">
<var>${IsActive}</var>
<arg>name=IsActive</arg>
<arg>column=C</arg>
<arg>field_type=switch</arg>
<doc>Creates and returns a dictionary based on the given ``items``.</doc>
<msg timestamp="20250226 11:07:26.733" level="INFO">${IsActive} = {'name': 'IsActive', 'column': 'C', 'field_type': 'switch'}</msg>
<status status="PASS" starttime="20250226 11:07:26.732" endtime="20250226 11:07:26.734"/>
</kw>
<kw name="Create Dictionary" library="BuiltIn">
<var>${Description}</var>
<arg>name=Description</arg>
<arg>column=D</arg>
<arg>field_type=textarea</arg>
<doc>Creates and returns a dictionary based on the given ``items``.</doc>
<msg timestamp="20250226 11:07:26.735" level="INFO">${Description} = {'name': 'Description', 'column': 'D', 'field_type': 'textarea'}</msg>
<status status="PASS" starttime="20250226 11:07:26.735" endtime="20250226 11:07:26.736"/>
</kw>
<kw name="Create Dictionary" library="BuiltIn">
<var>${Type}</var>
<arg>name=Type</arg>
<arg>column=E</arg>
<arg>field_type=ddl</arg>
<doc>Creates and returns a dictionary based on the given ``items``.</doc>
<msg timestamp="20250226 11:07:26.739" level="INFO">${Type} = {'name': 'Type', 'column': 'E', 'field_type': 'ddl'}</msg>
<status status="PASS" starttime="20250226 11:07:26.738" endtime="20250226 11:07:26.739"/>
</kw>
<kw name="Create Dictionary" library="BuiltIn">
<var>${Grid}</var>
<arg>name=Grid</arg>
<arg>column=F</arg>
<arg>field_type=ddl</arg>
<doc>Creates and returns a dictionary based on the given ``items``.</doc>
<msg timestamp="20250226 11:07:26.739" level="INFO">${Grid} = {'name': 'Grid', 'column': 'F', 'field_type': 'ddl'}</msg>
<status status="PASS" starttime="20250226 11:07:26.739" endtime="20250226 11:07:26.739"/>
</kw>
<kw name="Create Dictionary" library="BuiltIn">
<var>${Color}</var>
<arg>name=Color</arg>
<arg>column=G</arg>
<arg>field_type=colour</arg>
<doc>Creates and returns a dictionary based on the given ``items``.</doc>
<msg timestamp="20250226 11:07:26.741" level="INFO">${Color} = {'name': 'Color', 'column': 'G', 'field_type': 'colour'}</msg>
<status status="PASS" starttime="20250226 11:07:26.741" endtime="20250226 11:07:26.741"/>
</kw>
<kw name="Create Dictionary" library="BuiltIn">
<var>${DataSourceType}</var>
<arg>name=DataSourceType</arg>
<arg>column=H</arg>
<arg>field_type=ddl</arg>
<doc>Creates and returns a dictionary based on the given ``items``.</doc>
<msg timestamp="20250226 11:07:26.744" level="INFO">${DataSourceType} = {'name': 'DataSourceType', 'column': 'H', 'field_type': 'ddl'}</msg>
<status status="PASS" starttime="20250226 11:07:26.743" endtime="20250226 11:07:26.744"/>
</kw>
<kw name="Create Dictionary" library="BuiltIn">
<var>${ModuleID}</var>
<arg>name=ModuleID</arg>
<arg>column=I</arg>
<arg>field_type=lookup</arg>
<doc>Creates and returns a dictionary based on the given ``items``.</doc>
<msg timestamp="20250226 11:07:26.746" level="INFO">${ModuleID} = {'name': 'ModuleID', 'column': 'I', 'field_type': 'lookup'}</msg>
<status status="PASS" starttime="20250226 11:07:26.745" endtime="20250226 11:07:26.746"/>
</kw>
<kw name="Create Dictionary" library="BuiltIn">
<var>${APIName}</var>
<arg>name=APIName</arg>
<arg>column=J</arg>
<arg>field_type=text</arg>
<doc>Creates and returns a dictionary based on the given ``items``.</doc>
<msg timestamp="20250226 11:07:26.747" level="INFO">${APIName} = {'name': 'APIName', 'column': 'J', 'field_type': 'text'}</msg>
<status status="PASS" starttime="20250226 11:07:26.747" endtime="20250226 11:07:26.747"/>
</kw>
<kw name="Create Dictionary" library="BuiltIn">
<var>${APIName2}</var>
<arg>name=APIName</arg>
<arg>column=K</arg>
<arg>field_type=text</arg>
<doc>Creates and returns a dictionary based on the given ``items``.</doc>
<msg timestamp="20250226 11:07:26.748" level="INFO">${APIName2} = {'name': 'APIName', 'column': 'K', 'field_type': 'text'}</msg>
<status status="PASS" starttime="20250226 11:07:26.748" endtime="20250226 11:07:26.748"/>
</kw>
<kw name="Create List" library="BuiltIn">
<var>${fieldMap}</var>
<arg>${Code}</arg>
<arg>${Name}</arg>
<arg>${IsActive}</arg>
<arg>${Description}</arg>
<arg>${Type}</arg>
<arg>${Grid}</arg>
<arg>${Color}</arg>
<arg>${DataSourceType}</arg>
<arg>${ModuleID}</arg>
<arg>${APIName} ${APIName2}</arg>
<doc>Returns a list containing given items.</doc>
<msg timestamp="20250226 11:07:26.752" level="INFO">${fieldMap} = [{'name': 'Code', 'column': 'A', 'field_type': 'text'}, {'name': 'Name', 'column': 'B', 'field_type': 'text'}, {'name': 'IsActive', 'column': 'C', 'field_type': 'switch'}, {'name': 'Description', 'col...</msg>
<status status="PASS" starttime="20250226 11:07:26.751" endtime="20250226 11:07:26.752"/>
</kw>
<kw name="Create Dictionary" library="BuiltIn">
<var>${workSheet1}</var>
<arg>Master Dashboard=${fieldMap}</arg>
<doc>Creates and returns a dictionary based on the given ``items``.</doc>
<msg timestamp="20250226 11:07:26.756" level="INFO">${workSheet1} = {'Master Dashboard': [{'name': 'Code', 'column': 'A', 'field_type': 'text'}, {'name': 'Name', 'column': 'B', 'field_type': 'text'}, {'name': 'IsActive', 'column': 'C', 'field_type': 'switch'}, {'name'...</msg>
<status status="PASS" starttime="20250226 11:07:26.755" endtime="20250226 11:07:26.756"/>
</kw>
<kw name="Create List" library="BuiltIn">
<var>${listMapExcel}</var>
<arg>${workSheet1}</arg>
<doc>Returns a list containing given items.</doc>
<msg timestamp="20250226 11:07:26.758" level="INFO">${listMapExcel} = [{'Master Dashboard': [{'name': 'Code', 'column': 'A', 'field_type': 'text'}, {'name': 'Name', 'column': 'B', 'field_type': 'text'}, {'name': 'IsActive', 'column': 'C', 'field_type': 'switch'}, {'name...</msg>
<status status="PASS" starttime="20250226 11:07:26.757" endtime="20250226 11:07:26.759"/>
</kw>
<kw name="Input From Excel RN">
<arg>files/excel/IFINSYS/Master Dashboard.xlsx</arg>
<arg>2</arg>
<arg>${listMapExcel}</arg>
<kw name="Open Workbook" library="RPA.Excel.Files">
<arg>${file_path}</arg>
<doc>Open an existing Excel workbook.</doc>
<msg timestamp="20250226 11:07:26.845" level="INFO">Opened workbook: &lt;RPA.Excel.Files.XlsxWorkbook object at 0x000002652A3CE350&gt;</msg>
<status status="PASS" starttime="20250226 11:07:26.761" endtime="20250226 11:07:26.846"/>
</kw>
<kw name="Create List" library="BuiltIn">
<var>${region_list}</var>
<doc>Returns a list containing given items.</doc>
<msg timestamp="20250226 11:07:26.847" level="INFO">${region_list} = []</msg>
<status status="PASS" starttime="20250226 11:07:26.846" endtime="20250226 11:07:26.847"/>
</kw>
<for flavor="IN">
<var>${workSheetDict}</var>
<value>@{listMapExcel}</value>
<iter>
<var name="${workSheetDict}">{'Master Dashboard': [{'name': 'Code', 'column': 'A', 'field_type': 'text'}, {'name': 'Name', 'column': 'B', 'field_type': 'text'}, {'name': 'IsActive', 'column': 'C', 'field_type': 'switch'}, {'name'...</var>
<kw name="Get Dictionary Keys" library="Collections">
<var>${sheet_keys}</var>
<arg>${workSheetDict}</arg>
<doc>Returns keys of the given ``dictionary`` as a list.</doc>
<msg timestamp="20250226 11:07:26.849" level="INFO">${sheet_keys} = ['Master Dashboard']</msg>
<status status="PASS" starttime="20250226 11:07:26.848" endtime="20250226 11:07:26.849"/>
</kw>
<kw name="Set Variable" library="BuiltIn">
<var>${sheet_name}</var>
<arg>${sheet_keys}[0]</arg>
<doc>Returns the given values which can then be assigned to a variables.</doc>
<msg timestamp="20250226 11:07:26.850" level="INFO">${sheet_name} = Master Dashboard</msg>
<status status="PASS" starttime="20250226 11:07:26.849" endtime="20250226 11:07:26.850"/>
</kw>
<kw name="Get From Dictionary" library="Collections">
<var>${fields}</var>
<arg>${workSheetDict}</arg>
<arg>${sheet_name}</arg>
<doc>Returns a value from the given ``dictionary`` based on the given ``key``.</doc>
<msg timestamp="20250226 11:07:26.850" level="INFO">${fields} = [{'name': 'Code', 'column': 'A', 'field_type': 'text'}, {'name': 'Name', 'column': 'B', 'field_type': 'text'}, {'name': 'IsActive', 'column': 'C', 'field_type': 'switch'}, {'name': 'Description', 'col...</msg>
<status status="PASS" starttime="20250226 11:07:26.850" endtime="20250226 11:07:26.850"/>
</kw>
<kw name="Read Worksheet" library="RPA.Excel.Files">
<var>${rows}</var>
<arg>${sheet_name}</arg>
<arg>header=False</arg>
<arg>start=${start_row}</arg>
<doc>Read the content of a worksheet into a list of dictionaries.</doc>
<msg timestamp="20250226 11:07:26.852" level="INFO">${rows} = [{'A': 'AUTMTDSHBRD1', 'B': 'ChartDSHBRD1', 'C': -1, 'D': 'AUTMTDSHBRDDESC1', 'E': 'PIE', 'F': 'QUARTER', 'G': 'DADD4C', 'H': 'Internal API', 'I': 'IFINCMS', 'J': '/AUTO1'}, {'A': 'AUTMTDSHBRD2', 'B':...</msg>
<status status="PASS" starttime="20250226 11:07:26.851" endtime="20250226 11:07:26.852"/>
</kw>
<if>
<branch type="IF" condition="'${sheet_name}' != 'Detail'">
<for flavor="IN">
<var>${item}</var>
<value>@{rows}</value>
<iter>
<var name="${item}">{'A': 'AUTMTDSHBRD1', 'B': 'ChartDSHBRD1', 'C': -1, 'D': 'AUTMTDSHBRDDESC1', 'E': 'PIE', 'F': 'QUARTER', 'G': 'DADD4C', 'H': 'Internal API', 'I': 'IFINCMS', 'J': '/AUTO1'}</var>
<kw name="Click Add" library="BaseKeywords">
<kw name="Run Keyword And Return Status" library="BuiltIn">
<var>${Status}</var>
<arg>Wait Until Element Is Visible</arg>
<arg>${ElementButton1}</arg>
<arg>timeout=5s</arg>
<doc>Runs the given keyword with given arguments and returns the status as a Boolean value.</doc>
<kw name="Wait Until Element Is Visible" library="SeleniumLibrary">
<arg>${ElementButton1}</arg>
<arg>timeout=5s</arg>
<doc>Waits until the element ``locator`` is visible.</doc>
<status status="PASS" starttime="20250226 11:07:26.855" endtime="20250226 11:07:27.290"/>
</kw>
<msg timestamp="20250226 11:07:27.291" level="INFO">${Status} = True</msg>
<status status="PASS" starttime="20250226 11:07:26.854" endtime="20250226 11:07:27.291"/>
</kw>
<if>
<branch type="IF" condition="${Status}">
<kw name="Click Element" library="SeleniumLibrary">
<arg>${ElementButton1}</arg>
<doc>Click the element identified by ``locator``.</doc>
<msg timestamp="20250226 11:07:27.293" level="INFO">Clicking element 'xpath=//button[contains(., "Add")]'.</msg>
<status status="PASS" starttime="20250226 11:07:27.292" endtime="20250226 11:07:27.939"/>
</kw>
<status status="PASS" starttime="20250226 11:07:27.291" endtime="20250226 11:07:27.939"/>
</branch>
<branch type="ELSE">
<kw name="Wait Until Element Is Visible" library="SeleniumLibrary">
<arg>${ElementButton2}</arg>
<arg>timeout=5s</arg>
<doc>Waits until the element ``locator`` is visible.</doc>
<status status="NOT RUN" starttime="20250226 11:07:27.939" endtime="20250226 11:07:27.940"/>
</kw>
<kw name="Click Element" library="SeleniumLibrary">
<arg>${ElementButton2}</arg>
<doc>Click the element identified by ``locator``.</doc>
<status status="NOT RUN" starttime="20250226 11:07:27.940" endtime="20250226 11:07:27.940"/>
</kw>
<status status="NOT RUN" starttime="20250226 11:07:27.939" endtime="20250226 11:07:27.941"/>
</branch>
<status status="PASS" starttime="20250226 11:07:27.291" endtime="20250226 11:07:27.941"/>
</if>
<status status="PASS" starttime="20250226 11:07:26.853" endtime="20250226 11:07:27.941"/>
</kw>
<kw name="Set Variable" library="BuiltIn">
<var>${first_sheetcode}</var>
<doc>Returns the given values which can then be assigned to a variables.</doc>
<msg timestamp="20250226 11:07:27.941" level="INFO">${first_sheetcode} = </msg>
<status status="PASS" starttime="20250226 11:07:27.941" endtime="20250226 11:07:27.941"/>
</kw>
<for flavor="IN">
<var>${field}</var>
<value>@{fields}</value>
<iter>
<var name="${field}">{'name': 'Code', 'column': 'A', 'field_type': 'text'}</var>
<kw name="Get From Dictionary" library="Collections">
<var>${column_letter}</var>
<arg>${field}</arg>
<arg>column</arg>
<doc>Returns a value from the given ``dictionary`` based on the given ``key``.</doc>
<msg timestamp="20250226 11:07:27.942" level="INFO">${column_letter} = A</msg>
<status status="PASS" starttime="20250226 11:07:27.941" endtime="20250226 11:07:27.942"/>
</kw>
<kw name="Get From Dictionary" library="Collections">
<var>${field_name}</var>
<arg>${field}</arg>
<arg>name</arg>
<doc>Returns a value from the given ``dictionary`` based on the given ``key``.</doc>
<msg timestamp="20250226 11:07:27.942" level="INFO">${field_name} = Code</msg>
<status status="PASS" starttime="20250226 11:07:27.942" endtime="20250226 11:07:27.942"/>
</kw>
<kw name="Get From Dictionary" library="Collections">
<var>${field_type}</var>
<arg>${field}</arg>
<arg>field_type</arg>
<doc>Returns a value from the given ``dictionary`` based on the given ``key``.</doc>
<msg timestamp="20250226 11:07:27.943" level="INFO">${field_type} = text</msg>
<status status="PASS" starttime="20250226 11:07:27.942" endtime="20250226 11:07:27.943"/>
</kw>
<kw name="Get From Dictionary" library="Collections">
<var>${value}</var>
<arg>${item}</arg>
<arg>${column_letter}</arg>
<doc>Returns a value from the given ``dictionary`` based on the given ``key``.</doc>
<msg timestamp="20250226 11:07:27.943" level="INFO">${value} = AUTMTDSHBRD1</msg>
<status status="PASS" starttime="20250226 11:07:27.943" endtime="20250226 11:07:27.943"/>
</kw>
<kw name="Run Keyword If" library="BuiltIn">
<arg>'${field_type}' == 'NONE' or '${field_name}' == 'NONE' or '${value}' == 'NONE'</arg>
<arg>Continue For Loop</arg>
<doc>Runs the given keyword with the given arguments, if ``condition`` is true.</doc>
<status status="PASS" starttime="20250226 11:07:27.944" endtime="20250226 11:07:27.944"/>
</kw>
<kw name="Input Field By Type" library="BaseKeywords">
<arg>${field_type}</arg>
<arg>${field_name}</arg>
<arg>${value}</arg>
<if>
<branch type="IF" condition="&quot;${field_type}&quot; == &quot;text&quot;">
<kw name="Input Field" library="BaseKeywords">
<arg>${field_name}</arg>
<arg>${value}</arg>
<kw name="Run Keyword And Ignore Error" library="BuiltIn">
<var>${result}</var>
<arg>Input Text Field</arg>
<arg>${Field}</arg>
<arg>${Value}</arg>
<doc>Runs the given keyword with the given arguments and ignores possible error.</doc>
<kw name="Input Text Field" library="BaseKeywords">
<arg>${Field}</arg>
<arg>${Value}</arg>
<kw name="Wait Until Element Is Visible" library="SeleniumLibrary">
<arg>//input[@name="${Field}" and contains(@class, 'rz-state-empty')]</arg>
<doc>Waits until the element ``locator`` is visible.</doc>
<status status="PASS" starttime="20250226 11:07:27.947" endtime="20250226 11:07:28.373"/>
</kw>
<kw name="Input Text" library="SeleniumLibrary">
<arg>//input[@name="${Field}" and contains(@class, 'rz-state-empty')]</arg>
<arg>${Value}</arg>
<doc>Types the given ``text`` into the text field identified by ``locator``.</doc>
<msg timestamp="20250226 11:07:28.374" level="INFO">Typing text 'AUTMTDSHBRD1' into text field '//input[@name="Code" and contains(@class, 'rz-state-empty')]'.</msg>
<status status="PASS" starttime="20250226 11:07:28.373" endtime="20250226 11:07:29.034"/>
</kw>
<status status="PASS" starttime="20250226 11:07:27.946" endtime="20250226 11:07:29.034"/>
</kw>
<msg timestamp="20250226 11:07:29.034" level="INFO">${result} = ('PASS', None)</msg>
<status status="PASS" starttime="20250226 11:07:27.946" endtime="20250226 11:07:29.035"/>
</kw>
<if>
<branch type="IF" condition="&quot;${result}[0]&quot; == &quot;FAIL&quot;">
<kw name="Run Keyword And Ignore Error" library="BuiltIn">
<var>${result}</var>
<arg>Input Number Field</arg>
<arg>${Field}</arg>
<arg>${Value}</arg>
<doc>Runs the given keyword with the given arguments and ignores possible error.</doc>
<status status="NOT RUN" starttime="20250226 11:07:29.037" endtime="20250226 11:07:29.037"/>
</kw>
<status status="NOT RUN" starttime="20250226 11:07:29.036" endtime="20250226 11:07:29.037"/>
</branch>
<status status="PASS" starttime="20250226 11:07:29.035" endtime="20250226 11:07:29.037"/>
</if>
<if>
<branch type="IF" condition="&quot;${result}[0]&quot; == &quot;FAIL&quot;">
<kw name="Run Keyword And Ignore Error" library="BuiltIn">
<var>${result}</var>
<arg>Click Date Picker</arg>
<arg>${Field}</arg>
<arg>${Value}</arg>
<doc>Runs the given keyword with the given arguments and ignores possible error.</doc>
<status status="NOT RUN" starttime="20250226 11:07:29.038" endtime="20250226 11:07:29.038"/>
</kw>
<status status="NOT RUN" starttime="20250226 11:07:29.037" endtime="20250226 11:07:29.038"/>
</branch>
<status status="PASS" starttime="20250226 11:07:29.037" endtime="20250226 11:07:29.039"/>
</if>
<status status="PASS" starttime="20250226 11:07:27.945" endtime="20250226 11:07:29.039"/>
</kw>
<status status="PASS" starttime="20250226 11:07:27.945" endtime="20250226 11:07:29.039"/>
</branch>
<branch type="ELSE IF" condition="&quot;${field_type}&quot; == &quot;textarea&quot;">
<kw name="Input Text Area Field" library="BaseKeywords">
<arg>${field_name}</arg>
<arg>${value}</arg>
<status status="NOT RUN" starttime="20250226 11:07:29.039" endtime="20250226 11:07:29.040"/>
</kw>
<status status="NOT RUN" starttime="20250226 11:07:29.039" endtime="20250226 11:07:29.040"/>
</branch>
<branch type="ELSE IF" condition="&quot;${field_type}&quot; == &quot;colour&quot;">
<kw name="Input Colour" library="BaseKeywords">
<arg>${field_name}</arg>
<arg>${value}</arg>
<status status="NOT RUN" starttime="20250226 11:07:29.040" endtime="20250226 11:07:29.040"/>
</kw>
<status status="NOT RUN" starttime="20250226 11:07:29.040" endtime="20250226 11:07:29.041"/>
</branch>
<branch type="ELSE IF" condition="&quot;${field_type}&quot; == &quot;ddl&quot;">
<kw name="Click DDL" library="BaseKeywords">
<arg>ifin-form-ddl-${field_name.lower()}</arg>
<arg>${value}</arg>
<status status="NOT RUN" starttime="20250226 11:07:29.041" endtime="20250226 11:07:29.041"/>
</kw>
<status status="NOT RUN" starttime="20250226 11:07:29.041" endtime="20250226 11:07:29.041"/>
</branch>
<branch type="ELSE IF" condition="&quot;${field_type}&quot; == &quot;radio&quot;">
<kw name="Click Radio Button" library="BaseKeywords">
<arg>${value}</arg>
<status status="NOT RUN" starttime="20250226 11:07:29.042" endtime="20250226 11:07:29.042"/>
</kw>
<status status="NOT RUN" starttime="20250226 11:07:29.041" endtime="20250226 11:07:29.042"/>
</branch>
<branch type="ELSE IF" condition="&quot;${field_type}&quot; == &quot;switch&quot;">
<kw name="Click Switch" library="BaseKeywords">
<arg>${field_name}</arg>
<arg>${value}</arg>
<status status="NOT RUN" starttime="20250226 11:07:29.043" endtime="20250226 11:07:29.043"/>
</kw>
<status status="NOT RUN" starttime="20250226 11:07:29.042" endtime="20250226 11:07:29.043"/>
</branch>
<branch type="ELSE IF" condition="&quot;${field_type}&quot; == &quot;lookup&quot;">
<kw name="Click Lookup With Search" library="BaseKeywords">
<arg>${field_name}</arg>
<arg>${value}</arg>
<status status="NOT RUN" starttime="20250226 11:07:29.044" endtime="20250226 11:07:29.044"/>
</kw>
<status status="NOT RUN" starttime="20250226 11:07:29.043" endtime="20250226 11:07:29.044"/>
</branch>
<branch type="ELSE IF" condition="&quot;${field_type}&quot; == &quot;date&quot;">
<kw name="Click Date Picker" library="BaseKeywords">
<arg>${field_name}</arg>
<arg>${value}</arg>
<arg>1</arg>
<status status="NOT RUN" starttime="20250226 11:07:29.044" endtime="20250226 11:07:29.044"/>
</kw>
<status status="NOT RUN" starttime="20250226 11:07:29.044" endtime="20250226 11:07:29.044"/>
</branch>
<branch type="ELSE">
<kw name="Log" library="BuiltIn">
<arg>Unknown field type: ${field_type}</arg>
<arg>WARN</arg>
<doc>Logs the given message with the given level.</doc>
<status status="NOT RUN" starttime="20250226 11:07:29.045" endtime="20250226 11:07:29.045"/>
</kw>
<status status="NOT RUN" starttime="20250226 11:07:29.044" endtime="20250226 11:07:29.045"/>
</branch>
<status status="PASS" starttime="20250226 11:07:27.945" endtime="20250226 11:07:29.045"/>
</if>
<status status="PASS" starttime="20250226 11:07:27.945" endtime="20250226 11:07:29.045"/>
</kw>
<kw name="Run Keyword If" library="BuiltIn">
<arg>"${field_name}" == "Code"</arg>
<arg>Set Test Variable</arg>
<arg>${first_sheetcode}</arg>
<arg>${value}</arg>
<doc>Runs the given keyword with the given arguments, if ``condition`` is true.</doc>
<kw name="Set Test Variable" library="BuiltIn">
<arg>${first_sheetcode}</arg>
<arg>${value}</arg>
<doc>Makes a variable available everywhere within the scope of the current test.</doc>
<msg timestamp="20250226 11:07:29.046" level="INFO">${first_sheetcode} = AUTMTDSHBRD1</msg>
<status status="PASS" starttime="20250226 11:07:29.046" endtime="20250226 11:07:29.046"/>
</kw>
<status status="PASS" starttime="20250226 11:07:29.045" endtime="20250226 11:07:29.046"/>
</kw>
<status status="PASS" starttime="20250226 11:07:27.941" endtime="20250226 11:07:29.046"/>
</iter>
<iter>
<var name="${field}">{'name': 'Name', 'column': 'B', 'field_type': 'text'}</var>
<kw name="Get From Dictionary" library="Collections">
<var>${column_letter}</var>
<arg>${field}</arg>
<arg>column</arg>
<doc>Returns a value from the given ``dictionary`` based on the given ``key``.</doc>
<msg timestamp="20250226 11:07:29.047" level="INFO">${column_letter} = B</msg>
<status status="PASS" starttime="20250226 11:07:29.047" endtime="20250226 11:07:29.047"/>
</kw>
<kw name="Get From Dictionary" library="Collections">
<var>${field_name}</var>
<arg>${field}</arg>
<arg>name</arg>
<doc>Returns a value from the given ``dictionary`` based on the given ``key``.</doc>
<msg timestamp="20250226 11:07:29.048" level="INFO">${field_name} = Name</msg>
<status status="PASS" starttime="20250226 11:07:29.047" endtime="20250226 11:07:29.050"/>
</kw>
<kw name="Get From Dictionary" library="Collections">
<var>${field_type}</var>
<arg>${field}</arg>
<arg>field_type</arg>
<doc>Returns a value from the given ``dictionary`` based on the given ``key``.</doc>
<msg timestamp="20250226 11:07:29.051" level="INFO">${field_type} = text</msg>
<status status="PASS" starttime="20250226 11:07:29.051" endtime="20250226 11:07:29.051"/>
</kw>
<kw name="Get From Dictionary" library="Collections">
<var>${value}</var>
<arg>${item}</arg>
<arg>${column_letter}</arg>
<doc>Returns a value from the given ``dictionary`` based on the given ``key``.</doc>
<msg timestamp="20250226 11:07:29.052" level="INFO">${value} = ChartDSHBRD1</msg>
<status status="PASS" starttime="20250226 11:07:29.052" endtime="20250226 11:07:29.053"/>
</kw>
<kw name="Run Keyword If" library="BuiltIn">
<arg>'${field_type}' == 'NONE' or '${field_name}' == 'NONE' or '${value}' == 'NONE'</arg>
<arg>Continue For Loop</arg>
<doc>Runs the given keyword with the given arguments, if ``condition`` is true.</doc>
<status status="PASS" starttime="20250226 11:07:29.053" endtime="20250226 11:07:29.053"/>
</kw>
<kw name="Input Field By Type" library="BaseKeywords">
<arg>${field_type}</arg>
<arg>${field_name}</arg>
<arg>${value}</arg>
<if>
<branch type="IF" condition="&quot;${field_type}&quot; == &quot;text&quot;">
<kw name="Input Field" library="BaseKeywords">
<arg>${field_name}</arg>
<arg>${value}</arg>
<kw name="Run Keyword And Ignore Error" library="BuiltIn">
<var>${result}</var>
<arg>Input Text Field</arg>
<arg>${Field}</arg>
<arg>${Value}</arg>
<doc>Runs the given keyword with the given arguments and ignores possible error.</doc>
<kw name="Input Text Field" library="BaseKeywords">
<arg>${Field}</arg>
<arg>${Value}</arg>
<kw name="Wait Until Element Is Visible" library="SeleniumLibrary">
<arg>//input[@name="${Field}" and contains(@class, 'rz-state-empty')]</arg>
<doc>Waits until the element ``locator`` is visible.</doc>
<status status="PASS" starttime="20250226 11:07:29.058" endtime="20250226 11:07:29.496"/>
</kw>
<kw name="Input Text" library="SeleniumLibrary">
<arg>//input[@name="${Field}" and contains(@class, 'rz-state-empty')]</arg>
<arg>${Value}</arg>
<doc>Types the given ``text`` into the text field identified by ``locator``.</doc>
<msg timestamp="20250226 11:07:29.497" level="INFO">Typing text 'ChartDSHBRD1' into text field '//input[@name="Name" and contains(@class, 'rz-state-empty')]'.</msg>
<status status="PASS" starttime="20250226 11:07:29.496" endtime="20250226 11:07:30.162"/>
</kw>
<status status="PASS" starttime="20250226 11:07:29.057" endtime="20250226 11:07:30.162"/>
</kw>
<msg timestamp="20250226 11:07:30.163" level="INFO">${result} = ('PASS', None)</msg>
<status status="PASS" starttime="20250226 11:07:29.057" endtime="20250226 11:07:30.163"/>
</kw>
<if>
<branch type="IF" condition="&quot;${result}[0]&quot; == &quot;FAIL&quot;">
<kw name="Run Keyword And Ignore Error" library="BuiltIn">
<var>${result}</var>
<arg>Input Number Field</arg>
<arg>${Field}</arg>
<arg>${Value}</arg>
<doc>Runs the given keyword with the given arguments and ignores possible error.</doc>
<status status="NOT RUN" starttime="20250226 11:07:30.163" endtime="20250226 11:07:30.164"/>
</kw>
<status status="NOT RUN" starttime="20250226 11:07:30.163" endtime="20250226 11:07:30.164"/>
</branch>
<status status="PASS" starttime="20250226 11:07:30.163" endtime="20250226 11:07:30.164"/>
</if>
<if>
<branch type="IF" condition="&quot;${result}[0]&quot; == &quot;FAIL&quot;">
<kw name="Run Keyword And Ignore Error" library="BuiltIn">
<var>${result}</var>
<arg>Click Date Picker</arg>
<arg>${Field}</arg>
<arg>${Value}</arg>
<doc>Runs the given keyword with the given arguments and ignores possible error.</doc>
<status status="NOT RUN" starttime="20250226 11:07:30.164" endtime="20250226 11:07:30.165"/>
</kw>
<status status="NOT RUN" starttime="20250226 11:07:30.164" endtime="20250226 11:07:30.165"/>
</branch>
<status status="PASS" starttime="20250226 11:07:30.164" endtime="20250226 11:07:30.165"/>
</if>
<status status="PASS" starttime="20250226 11:07:29.055" endtime="20250226 11:07:30.165"/>
</kw>
<status status="PASS" starttime="20250226 11:07:29.054" endtime="20250226 11:07:30.165"/>
</branch>
<branch type="ELSE IF" condition="&quot;${field_type}&quot; == &quot;textarea&quot;">
<kw name="Input Text Area Field" library="BaseKeywords">
<arg>${field_name}</arg>
<arg>${value}</arg>
<status status="NOT RUN" starttime="20250226 11:07:30.166" endtime="20250226 11:07:30.166"/>
</kw>
<status status="NOT RUN" starttime="20250226 11:07:30.165" endtime="20250226 11:07:30.166"/>
</branch>
<branch type="ELSE IF" condition="&quot;${field_type}&quot; == &quot;colour&quot;">
<kw name="Input Colour" library="BaseKeywords">
<arg>${field_name}</arg>
<arg>${value}</arg>
<status status="NOT RUN" starttime="20250226 11:07:30.166" endtime="20250226 11:07:30.167"/>
</kw>
<status status="NOT RUN" starttime="20250226 11:07:30.166" endtime="20250226 11:07:30.167"/>
</branch>
<branch type="ELSE IF" condition="&quot;${field_type}&quot; == &quot;ddl&quot;">
<kw name="Click DDL" library="BaseKeywords">
<arg>ifin-form-ddl-${field_name.lower()}</arg>
<arg>${value}</arg>
<status status="NOT RUN" starttime="20250226 11:07:30.167" endtime="20250226 11:07:30.167"/>
</kw>
<status status="NOT RUN" starttime="20250226 11:07:30.167" endtime="20250226 11:07:30.167"/>
</branch>
<branch type="ELSE IF" condition="&quot;${field_type}&quot; == &quot;radio&quot;">
<kw name="Click Radio Button" library="BaseKeywords">
<arg>${value}</arg>
<status status="NOT RUN" starttime="20250226 11:07:30.167" endtime="20250226 11:07:30.167"/>
</kw>
<status status="NOT RUN" starttime="20250226 11:07:30.167" endtime="20250226 11:07:30.168"/>
</branch>
<branch type="ELSE IF" condition="&quot;${field_type}&quot; == &quot;switch&quot;">
<kw name="Click Switch" library="BaseKeywords">
<arg>${field_name}</arg>
<arg>${value}</arg>
<status status="NOT RUN" starttime="20250226 11:07:30.168" endtime="20250226 11:07:30.168"/>
</kw>
<status status="NOT RUN" starttime="20250226 11:07:30.168" endtime="20250226 11:07:30.168"/>
</branch>
<branch type="ELSE IF" condition="&quot;${field_type}&quot; == &quot;lookup&quot;">
<kw name="Click Lookup With Search" library="BaseKeywords">
<arg>${field_name}</arg>
<arg>${value}</arg>
<status status="NOT RUN" starttime="20250226 11:07:30.168" endtime="20250226 11:07:30.168"/>
</kw>
<status status="NOT RUN" starttime="20250226 11:07:30.168" endtime="20250226 11:07:30.169"/>
</branch>
<branch type="ELSE IF" condition="&quot;${field_type}&quot; == &quot;date&quot;">
<kw name="Click Date Picker" library="BaseKeywords">
<arg>${field_name}</arg>
<arg>${value}</arg>
<arg>1</arg>
<status status="NOT RUN" starttime="20250226 11:07:30.169" endtime="20250226 11:07:30.169"/>
</kw>
<status status="NOT RUN" starttime="20250226 11:07:30.169" endtime="20250226 11:07:30.169"/>
</branch>
<branch type="ELSE">
<kw name="Log" library="BuiltIn">
<arg>Unknown field type: ${field_type}</arg>
<arg>WARN</arg>
<doc>Logs the given message with the given level.</doc>
<status status="NOT RUN" starttime="20250226 11:07:30.170" endtime="20250226 11:07:30.170"/>
</kw>
<status status="NOT RUN" starttime="20250226 11:07:30.169" endtime="20250226 11:07:30.170"/>
</branch>
<status status="PASS" starttime="20250226 11:07:29.054" endtime="20250226 11:07:30.171"/>
</if>
<status status="PASS" starttime="20250226 11:07:29.054" endtime="20250226 11:07:30.171"/>
</kw>
<kw name="Run Keyword If" library="BuiltIn">
<arg>"${field_name}" == "Code"</arg>
<arg>Set Test Variable</arg>
<arg>${first_sheetcode}</arg>
<arg>${value}</arg>
<doc>Runs the given keyword with the given arguments, if ``condition`` is true.</doc>
<status status="PASS" starttime="20250226 11:07:30.171" endtime="20250226 11:07:30.171"/>
</kw>
<status status="PASS" starttime="20250226 11:07:29.047" endtime="20250226 11:07:30.172"/>
</iter>
<iter>
<var name="${field}">{'name': 'IsActive', 'column': 'C', 'field_type': 'switch'}</var>
<kw name="Get From Dictionary" library="Collections">
<var>${column_letter}</var>
<arg>${field}</arg>
<arg>column</arg>
<doc>Returns a value from the given ``dictionary`` based on the given ``key``.</doc>
<msg timestamp="20250226 11:07:30.172" level="INFO">${column_letter} = C</msg>
<status status="PASS" starttime="20250226 11:07:30.172" endtime="20250226 11:07:30.173"/>
</kw>
<kw name="Get From Dictionary" library="Collections">
<var>${field_name}</var>
<arg>${field}</arg>
<arg>name</arg>
<doc>Returns a value from the given ``dictionary`` based on the given ``key``.</doc>
<msg timestamp="20250226 11:07:30.173" level="INFO">${field_name} = IsActive</msg>
<status status="PASS" starttime="20250226 11:07:30.173" endtime="20250226 11:07:30.173"/>
</kw>
<kw name="Get From Dictionary" library="Collections">
<var>${field_type}</var>
<arg>${field}</arg>
<arg>field_type</arg>
<doc>Returns a value from the given ``dictionary`` based on the given ``key``.</doc>
<msg timestamp="20250226 11:07:30.174" level="INFO">${field_type} = switch</msg>
<status status="PASS" starttime="20250226 11:07:30.173" endtime="20250226 11:07:30.174"/>
</kw>
<kw name="Get From Dictionary" library="Collections">
<var>${value}</var>
<arg>${item}</arg>
<arg>${column_letter}</arg>
<doc>Returns a value from the given ``dictionary`` based on the given ``key``.</doc>
<msg timestamp="20250226 11:07:30.174" level="INFO">${value} = -1</msg>
<status status="PASS" starttime="20250226 11:07:30.174" endtime="20250226 11:07:30.175"/>
</kw>
<kw name="Run Keyword If" library="BuiltIn">
<arg>'${field_type}' == 'NONE' or '${field_name}' == 'NONE' or '${value}' == 'NONE'</arg>
<arg>Continue For Loop</arg>
<doc>Runs the given keyword with the given arguments, if ``condition`` is true.</doc>
<status status="PASS" starttime="20250226 11:07:30.175" endtime="20250226 11:07:30.175"/>
</kw>
<kw name="Input Field By Type" library="BaseKeywords">
<arg>${field_type}</arg>
<arg>${field_name}</arg>
<arg>${value}</arg>
<if>
<branch type="IF" condition="&quot;${field_type}&quot; == &quot;text&quot;">
<kw name="Input Field" library="BaseKeywords">
<arg>${field_name}</arg>
<arg>${value}</arg>
<status status="NOT RUN" starttime="20250226 11:07:30.176" endtime="20250226 11:07:30.176"/>
</kw>
<status status="NOT RUN" starttime="20250226 11:07:30.176" endtime="20250226 11:07:30.176"/>
</branch>
<branch type="ELSE IF" condition="&quot;${field_type}&quot; == &quot;textarea&quot;">
<kw name="Input Text Area Field" library="BaseKeywords">
<arg>${field_name}</arg>
<arg>${value}</arg>
<status status="NOT RUN" starttime="20250226 11:07:30.176" endtime="20250226 11:07:30.177"/>
</kw>
<status status="NOT RUN" starttime="20250226 11:07:30.176" endtime="20250226 11:07:30.177"/>
</branch>
<branch type="ELSE IF" condition="&quot;${field_type}&quot; == &quot;colour&quot;">
<kw name="Input Colour" library="BaseKeywords">
<arg>${field_name}</arg>
<arg>${value}</arg>
<status status="NOT RUN" starttime="20250226 11:07:30.177" endtime="20250226 11:07:30.177"/>
</kw>
<status status="NOT RUN" starttime="20250226 11:07:30.177" endtime="20250226 11:07:30.177"/>
</branch>
<branch type="ELSE IF" condition="&quot;${field_type}&quot; == &quot;ddl&quot;">
<kw name="Click DDL" library="BaseKeywords">
<arg>ifin-form-ddl-${field_name.lower()}</arg>
<arg>${value}</arg>
<status status="NOT RUN" starttime="20250226 11:07:30.177" endtime="20250226 11:07:30.178"/>
</kw>
<status status="NOT RUN" starttime="20250226 11:07:30.177" endtime="20250226 11:07:30.178"/>
</branch>
<branch type="ELSE IF" condition="&quot;${field_type}&quot; == &quot;radio&quot;">
<kw name="Click Radio Button" library="BaseKeywords">
<arg>${value}</arg>
<status status="NOT RUN" starttime="20250226 11:07:30.178" endtime="20250226 11:07:30.178"/>
</kw>
<status status="NOT RUN" starttime="20250226 11:07:30.178" endtime="20250226 11:07:30.178"/>
</branch>
<branch type="ELSE IF" condition="&quot;${field_type}&quot; == &quot;switch&quot;">
<kw name="Click Switch" library="BaseKeywords">
<arg>${field_name}</arg>
<arg>${value}</arg>
<kw name="Get WebElement" library="SeleniumLibrary">
<var>${switch_element}</var>
<arg>css:input[name="${InputName}"]</arg>
<doc>Returns the first WebElement matching the given ``locator``.</doc>
<msg timestamp="20250226 11:07:30.395" level="INFO">${switch_element} = &lt;selenium.webdriver.remote.webelement.WebElement (session="22087944-e15a-4375-8c0a-7a53047bbde3", element="7b08b28c-94a4-4946-81d7-f5e491f4cf55")&gt;</msg>
<status status="PASS" starttime="20250226 11:07:30.179" endtime="20250226 11:07:30.396"/>
</kw>
<kw name="Execute Javascript" library="SeleniumLibrary">
<var>${switch_container}</var>
<arg>return arguments[0].closest('.rz-switch');</arg>
<arg>ARGUMENTS</arg>
<arg>${switch_element}</arg>
<doc>Executes the given JavaScript code with possible arguments.</doc>
<msg timestamp="20250226 11:07:30.397" level="INFO">Executing JavaScript:
return arguments[0].closest('.rz-switch');
By using argument:
'&lt;selenium.webdriver.remote.webelement.WebElement (session="22087944-e15a-4375-8c0a-7a53047bbde3", element="7b08b28c-94a4-4946-81d7-f5e491f4cf55")&gt;'</msg>
<msg timestamp="20250226 11:07:30.615" level="INFO">${switch_container} = &lt;selenium.webdriver.remote.webelement.WebElement (session="22087944-e15a-4375-8c0a-7a53047bbde3", element="f6477332-331a-4d36-b1d8-88801e3dc5f1")&gt;</msg>
<status status="PASS" starttime="20250226 11:07:30.396" endtime="20250226 11:07:30.615"/>
</kw>
<kw name="Get Element Attribute" library="SeleniumLibrary">
<var>${class}</var>
<arg>${switch_container}</arg>
<arg>class</arg>
<doc>Returns the value of ``attribute`` from the element ``locator``.</doc>
<msg timestamp="20250226 11:07:30.832" level="INFO">${class} = rz-switch rz-switch-checked</msg>
<status status="PASS" starttime="20250226 11:07:30.615" endtime="20250226 11:07:30.832"/>
</kw>
<kw name="Run Keyword If" library="BuiltIn">
<arg>'${Value}' == '1'</arg>
<arg>Run Keyword If</arg>
<arg>'rz-state-empty' in '${class}'</arg>
<arg>Click Element</arg>
<arg>${switch_container}</arg>
<doc>Runs the given keyword with the given arguments, if ``condition`` is true.</doc>
<status status="PASS" starttime="20250226 11:07:30.833" endtime="20250226 11:07:30.834"/>
</kw>
<kw name="Run Keyword If" library="BuiltIn">
<arg>'${Value}' == '-1'</arg>
<arg>Run Keyword If</arg>
<arg>'rz-switch-checked' in '${class}'</arg>
<arg>Click Element</arg>
<arg>${switch_container}</arg>
<doc>Runs the given keyword with the given arguments, if ``condition`` is true.</doc>
<kw name="Run Keyword If" library="BuiltIn">
<arg>'rz-switch-checked' in '${class}'</arg>
<arg>Click Element</arg>
<arg>${switch_container}</arg>
<doc>Runs the given keyword with the given arguments, if ``condition`` is true.</doc>
<kw name="Click Element" library="SeleniumLibrary">
<arg>${switch_container}</arg>
<doc>Click the element identified by ``locator``.</doc>
<msg timestamp="20250226 11:07:30.835" level="INFO">Clicking element '&lt;selenium.webdriver.remote.webelement.WebElement (session="22087944-e15a-4375-8c0a-7a53047bbde3", element="f6477332-331a-4d36-b1d8-88801e3dc5f1")&gt;'.</msg>
<status status="PASS" starttime="20250226 11:07:30.835" endtime="20250226 11:07:31.281"/>
</kw>
<status status="PASS" starttime="20250226 11:07:30.834" endtime="20250226 11:07:31.281"/>
</kw>
<status status="PASS" starttime="20250226 11:07:30.834" endtime="20250226 11:07:31.281"/>
</kw>
<status status="PASS" starttime="20250226 11:07:30.179" endtime="20250226 11:07:31.282"/>
</kw>
<status status="PASS" starttime="20250226 11:07:30.179" endtime="20250226 11:07:31.282"/>
</branch>
<branch type="ELSE IF" condition="&quot;${field_type}&quot; == &quot;lookup&quot;">
<kw name="Click Lookup With Search" library="BaseKeywords">
<arg>${field_name}</arg>
<arg>${value}</arg>
<status status="NOT RUN" starttime="20250226 11:07:31.282" endtime="20250226 11:07:31.282"/>
</kw>
<status status="NOT RUN" starttime="20250226 11:07:31.282" endtime="20250226 11:07:31.282"/>
</branch>
<branch type="ELSE IF" condition="&quot;${field_type}&quot; == &quot;date&quot;">
<kw name="Click Date Picker" library="BaseKeywords">
<arg>${field_name}</arg>
<arg>${value}</arg>
<arg>1</arg>
<status status="NOT RUN" starttime="20250226 11:07:31.282" endtime="20250226 11:07:31.282"/>
</kw>
<status status="NOT RUN" starttime="20250226 11:07:31.282" endtime="20250226 11:07:31.282"/>
</branch>
<branch type="ELSE">
<kw name="Log" library="BuiltIn">
<arg>Unknown field type: ${field_type}</arg>
<arg>WARN</arg>
<doc>Logs the given message with the given level.</doc>
<status status="NOT RUN" starttime="20250226 11:07:31.284" endtime="20250226 11:07:31.284"/>
</kw>
<status status="NOT RUN" starttime="20250226 11:07:31.282" endtime="20250226 11:07:31.284"/>
</branch>
<status status="PASS" starttime="20250226 11:07:30.176" endtime="20250226 11:07:31.284"/>
</if>
<status status="PASS" starttime="20250226 11:07:30.175" endtime="20250226 11:07:31.284"/>
</kw>
<kw name="Run Keyword If" library="BuiltIn">
<arg>"${field_name}" == "Code"</arg>
<arg>Set Test Variable</arg>
<arg>${first_sheetcode}</arg>
<arg>${value}</arg>
<doc>Runs the given keyword with the given arguments, if ``condition`` is true.</doc>
<status status="PASS" starttime="20250226 11:07:31.284" endtime="20250226 11:07:31.285"/>
</kw>
<status status="PASS" starttime="20250226 11:07:30.172" endtime="20250226 11:07:31.285"/>
</iter>
<iter>
<var name="${field}">{'name': 'Description', 'column': 'D', 'field_type': 'textarea'}</var>
<kw name="Get From Dictionary" library="Collections">
<var>${column_letter}</var>
<arg>${field}</arg>
<arg>column</arg>
<doc>Returns a value from the given ``dictionary`` based on the given ``key``.</doc>
<msg timestamp="20250226 11:07:31.286" level="INFO">${column_letter} = D</msg>
<status status="PASS" starttime="20250226 11:07:31.286" endtime="20250226 11:07:31.286"/>
</kw>
<kw name="Get From Dictionary" library="Collections">
<var>${field_name}</var>
<arg>${field}</arg>
<arg>name</arg>
<doc>Returns a value from the given ``dictionary`` based on the given ``key``.</doc>
<msg timestamp="20250226 11:07:31.287" level="INFO">${field_name} = Description</msg>
<status status="PASS" starttime="20250226 11:07:31.286" endtime="20250226 11:07:31.287"/>
</kw>
<kw name="Get From Dictionary" library="Collections">
<var>${field_type}</var>
<arg>${field}</arg>
<arg>field_type</arg>
<doc>Returns a value from the given ``dictionary`` based on the given ``key``.</doc>
<msg timestamp="20250226 11:07:31.287" level="INFO">${field_type} = textarea</msg>
<status status="PASS" starttime="20250226 11:07:31.287" endtime="20250226 11:07:31.287"/>
</kw>
<kw name="Get From Dictionary" library="Collections">
<var>${value}</var>
<arg>${item}</arg>
<arg>${column_letter}</arg>
<doc>Returns a value from the given ``dictionary`` based on the given ``key``.</doc>
<msg timestamp="20250226 11:07:31.288" level="INFO">${value} = AUTMTDSHBRDDESC1</msg>
<status status="PASS" starttime="20250226 11:07:31.287" endtime="20250226 11:07:31.288"/>
</kw>
<kw name="Run Keyword If" library="BuiltIn">
<arg>'${field_type}' == 'NONE' or '${field_name}' == 'NONE' or '${value}' == 'NONE'</arg>
<arg>Continue For Loop</arg>
<doc>Runs the given keyword with the given arguments, if ``condition`` is true.</doc>
<status status="PASS" starttime="20250226 11:07:31.288" endtime="20250226 11:07:31.288"/>
</kw>
<kw name="Input Field By Type" library="BaseKeywords">
<arg>${field_type}</arg>
<arg>${field_name}</arg>
<arg>${value}</arg>
<if>
<branch type="IF" condition="&quot;${field_type}&quot; == &quot;text&quot;">
<kw name="Input Field" library="BaseKeywords">
<arg>${field_name}</arg>
<arg>${value}</arg>
<status status="NOT RUN" starttime="20250226 11:07:31.289" endtime="20250226 11:07:31.289"/>
</kw>
<status status="NOT RUN" starttime="20250226 11:07:31.289" endtime="20250226 11:07:31.289"/>
</branch>
<branch type="ELSE IF" condition="&quot;${field_type}&quot; == &quot;textarea&quot;">
<kw name="Input Text Area Field" library="BaseKeywords">
<arg>${field_name}</arg>
<arg>${value}</arg>
<kw name="Click Element" library="SeleniumLibrary">
<arg>//textarea[@name="${Field}"]</arg>
<doc>Click the element identified by ``locator``.</doc>
<msg timestamp="20250226 11:07:31.290" level="INFO">Clicking element '//textarea[@name="Description"]'.</msg>
<status status="PASS" starttime="20250226 11:07:31.290" endtime="20250226 11:07:31.930"/>
</kw>
<kw name="Input Text" library="SeleniumLibrary">
<arg>//textarea[@name="${Field}"]</arg>
<arg>${Value}</arg>
<doc>Types the given ``text`` into the text field identified by ``locator``.</doc>
<msg timestamp="20250226 11:07:31.931" level="INFO">Typing text 'AUTMTDSHBRDDESC1' into text field '//textarea[@name="Description"]'.</msg>
<status status="PASS" starttime="20250226 11:07:31.930" endtime="20250226 11:07:32.569"/>
</kw>
<status status="PASS" starttime="20250226 11:07:31.289" endtime="20250226 11:07:32.570"/>
</kw>
<status status="PASS" starttime="20250226 11:07:31.289" endtime="20250226 11:07:32.570"/>
</branch>
<branch type="ELSE IF" condition="&quot;${field_type}&quot; == &quot;colour&quot;">
<kw name="Input Colour" library="BaseKeywords">
<arg>${field_name}</arg>
<arg>${value}</arg>
<status status="NOT RUN" starttime="20250226 11:07:32.571" endtime="20250226 11:07:32.571"/>
</kw>
<status status="NOT RUN" starttime="20250226 11:07:32.570" endtime="20250226 11:07:32.572"/>
</branch>
<branch type="ELSE IF" condition="&quot;${field_type}&quot; == &quot;ddl&quot;">
<kw name="Click DDL" library="BaseKeywords">
<arg>ifin-form-ddl-${field_name.lower()}</arg>
<arg>${value}</arg>
<status status="NOT RUN" starttime="20250226 11:07:32.572" endtime="20250226 11:07:32.572"/>
</kw>
<status status="NOT RUN" starttime="20250226 11:07:32.572" endtime="20250226 11:07:32.572"/>
</branch>
<branch type="ELSE IF" condition="&quot;${field_type}&quot; == &quot;radio&quot;">
<kw name="Click Radio Button" library="BaseKeywords">
<arg>${value}</arg>
<status status="NOT RUN" starttime="20250226 11:07:32.573" endtime="20250226 11:07:32.573"/>
</kw>
<status status="NOT RUN" starttime="20250226 11:07:32.572" endtime="20250226 11:07:32.573"/>
</branch>
<branch type="ELSE IF" condition="&quot;${field_type}&quot; == &quot;switch&quot;">
<kw name="Click Switch" library="BaseKeywords">
<arg>${field_name}</arg>
<arg>${value}</arg>
<status status="NOT RUN" starttime="20250226 11:07:32.573" endtime="20250226 11:07:32.573"/>
</kw>
<status status="NOT RUN" starttime="20250226 11:07:32.573" endtime="20250226 11:07:32.573"/>
</branch>
<branch type="ELSE IF" condition="&quot;${field_type}&quot; == &quot;lookup&quot;">
<kw name="Click Lookup With Search" library="BaseKeywords">
<arg>${field_name}</arg>
<arg>${value}</arg>
<status status="NOT RUN" starttime="20250226 11:07:32.574" endtime="20250226 11:07:32.574"/>
</kw>
<status status="NOT RUN" starttime="20250226 11:07:32.573" endtime="20250226 11:07:32.574"/>
</branch>
<branch type="ELSE IF" condition="&quot;${field_type}&quot; == &quot;date&quot;">
<kw name="Click Date Picker" library="BaseKeywords">
<arg>${field_name}</arg>
<arg>${value}</arg>
<arg>1</arg>
<status status="NOT RUN" starttime="20250226 11:07:32.574" endtime="20250226 11:07:32.574"/>
</kw>
<status status="NOT RUN" starttime="20250226 11:07:32.574" endtime="20250226 11:07:32.575"/>
</branch>
<branch type="ELSE">
<kw name="Log" library="BuiltIn">
<arg>Unknown field type: ${field_type}</arg>
<arg>WARN</arg>
<doc>Logs the given message with the given level.</doc>
<status status="NOT RUN" starttime="20250226 11:07:32.575" endtime="20250226 11:07:32.575"/>
</kw>
<status status="NOT RUN" starttime="20250226 11:07:32.575" endtime="20250226 11:07:32.575"/>
</branch>
<status status="PASS" starttime="20250226 11:07:31.289" endtime="20250226 11:07:32.575"/>
</if>
<status status="PASS" starttime="20250226 11:07:31.288" endtime="20250226 11:07:32.575"/>
</kw>
<kw name="Run Keyword If" library="BuiltIn">
<arg>"${field_name}" == "Code"</arg>
<arg>Set Test Variable</arg>
<arg>${first_sheetcode}</arg>
<arg>${value}</arg>
<doc>Runs the given keyword with the given arguments, if ``condition`` is true.</doc>
<status status="PASS" starttime="20250226 11:07:32.576" endtime="20250226 11:07:32.576"/>
</kw>
<status status="PASS" starttime="20250226 11:07:31.285" endtime="20250226 11:07:32.577"/>
</iter>
<iter>
<var name="${field}">{'name': 'Type', 'column': 'E', 'field_type': 'ddl'}</var>
<kw name="Get From Dictionary" library="Collections">
<var>${column_letter}</var>
<arg>${field}</arg>
<arg>column</arg>
<doc>Returns a value from the given ``dictionary`` based on the given ``key``.</doc>
<msg timestamp="20250226 11:07:32.578" level="INFO">${column_letter} = E</msg>
<status status="PASS" starttime="20250226 11:07:32.577" endtime="20250226 11:07:32.578"/>
</kw>
<kw name="Get From Dictionary" library="Collections">
<var>${field_name}</var>
<arg>${field}</arg>
<arg>name</arg>
<doc>Returns a value from the given ``dictionary`` based on the given ``key``.</doc>
<msg timestamp="20250226 11:07:32.579" level="INFO">${field_name} = Type</msg>
<status status="PASS" starttime="20250226 11:07:32.578" endtime="20250226 11:07:32.579"/>
</kw>
<kw name="Get From Dictionary" library="Collections">
<var>${field_type}</var>
<arg>${field}</arg>
<arg>field_type</arg>
<doc>Returns a value from the given ``dictionary`` based on the given ``key``.</doc>
<msg timestamp="20250226 11:07:32.579" level="INFO">${field_type} = ddl</msg>
<status status="PASS" starttime="20250226 11:07:32.579" endtime="20250226 11:07:32.579"/>
</kw>
<kw name="Get From Dictionary" library="Collections">
<var>${value}</var>
<arg>${item}</arg>
<arg>${column_letter}</arg>
<doc>Returns a value from the given ``dictionary`` based on the given ``key``.</doc>
<msg timestamp="20250226 11:07:32.579" level="INFO">${value} = PIE</msg>
<status status="PASS" starttime="20250226 11:07:32.579" endtime="20250226 11:07:32.579"/>
</kw>
<kw name="Run Keyword If" library="BuiltIn">
<arg>'${field_type}' == 'NONE' or '${field_name}' == 'NONE' or '${value}' == 'NONE'</arg>
<arg>Continue For Loop</arg>
<doc>Runs the given keyword with the given arguments, if ``condition`` is true.</doc>
<status status="PASS" starttime="20250226 11:07:32.579" endtime="20250226 11:07:32.580"/>
</kw>
<kw name="Input Field By Type" library="BaseKeywords">
<arg>${field_type}</arg>
<arg>${field_name}</arg>
<arg>${value}</arg>
<if>
<branch type="IF" condition="&quot;${field_type}&quot; == &quot;text&quot;">
<kw name="Input Field" library="BaseKeywords">
<arg>${field_name}</arg>
<arg>${value}</arg>
<status status="NOT RUN" starttime="20250226 11:07:32.581" endtime="20250226 11:07:32.581"/>
</kw>
<status status="NOT RUN" starttime="20250226 11:07:32.580" endtime="20250226 11:07:32.581"/>
</branch>
<branch type="ELSE IF" condition="&quot;${field_type}&quot; == &quot;textarea&quot;">
<kw name="Input Text Area Field" library="BaseKeywords">
<arg>${field_name}</arg>
<arg>${value}</arg>
<status status="NOT RUN" starttime="20250226 11:07:32.581" endtime="20250226 11:07:32.581"/>
</kw>
<status status="NOT RUN" starttime="20250226 11:07:32.581" endtime="20250226 11:07:32.581"/>
</branch>
<branch type="ELSE IF" condition="&quot;${field_type}&quot; == &quot;colour&quot;">
<kw name="Input Colour" library="BaseKeywords">
<arg>${field_name}</arg>
<arg>${value}</arg>
<status status="NOT RUN" starttime="20250226 11:07:32.582" endtime="20250226 11:07:32.582"/>
</kw>
<status status="NOT RUN" starttime="20250226 11:07:32.581" endtime="20250226 11:07:32.582"/>
</branch>
<branch type="ELSE IF" condition="&quot;${field_type}&quot; == &quot;ddl&quot;">
<kw name="Click DDL" library="BaseKeywords">
<arg>ifin-form-ddl-${field_name.lower()}</arg>
<arg>${value}</arg>
<kw name="Set Variable" library="BuiltIn">
<var>${PathDropDown}</var>
<arg>//*[@id='${DDLID}']</arg>
<doc>Returns the given values which can then be assigned to a variables.</doc>
<msg timestamp="20250226 11:07:32.583" level="INFO">${PathDropDown} = //*[@id='ifin-form-ddl-type']</msg>
<status status="PASS" starttime="20250226 11:07:32.583" endtime="20250226 11:07:32.584"/>
</kw>
<kw name="Set Variable" library="BuiltIn">
<var>${PathOption}</var>
<arg>//li[@role="option" and @aria-label="${OptionValue}"]</arg>
<doc>Returns the given values which can then be assigned to a variables.</doc>
<msg timestamp="20250226 11:07:32.585" level="INFO">${PathOption} = //li[@role="option" and @aria-label="PIE"]</msg>
<status status="PASS" starttime="20250226 11:07:32.585" endtime="20250226 11:07:32.585"/>
</kw>
<kw name="Wait Until Element Is Visible" library="SeleniumLibrary">
<arg>${PathDropDown}</arg>
<doc>Waits until the element ``locator`` is visible.</doc>
<status status="PASS" starttime="20250226 11:07:32.585" endtime="20250226 11:07:33.019"/>
</kw>
<kw name="Click Element" library="SeleniumLibrary">
<arg>${PathDropDown}</arg>
<doc>Click the element identified by ``locator``.</doc>
<msg timestamp="20250226 11:07:33.020" level="INFO">Clicking element '//*[@id='ifin-form-ddl-type']'.</msg>
<status status="PASS" starttime="20250226 11:07:33.019" endtime="20250226 11:07:33.665"/>
</kw>
<kw name="Wait Until Element Is Visible" library="SeleniumLibrary">
<arg>${PathOption}</arg>
<doc>Waits until the element ``locator`` is visible.</doc>
<status status="PASS" starttime="20250226 11:07:33.665" endtime="20250226 11:07:34.094"/>
</kw>
<kw name="Click Element" library="SeleniumLibrary">
<arg>${PathOption}</arg>
<doc>Click the element identified by ``locator``.</doc>
<msg timestamp="20250226 11:07:34.095" level="INFO">Clicking element '//li[@role="option" and @aria-label="PIE"]'.</msg>
<status status="PASS" starttime="20250226 11:07:34.094" endtime="20250226 11:07:34.743"/>
</kw>
<kw name="Log" library="BuiltIn">
<arg>Clicked ${OptionValue} in ${DDLID}</arg>
<doc>Logs the given message with the given level.</doc>
<msg timestamp="20250226 11:07:34.744" level="INFO">Clicked PIE in ifin-form-ddl-type</msg>
<status status="PASS" starttime="20250226 11:07:34.743" endtime="20250226 11:07:34.744"/>
</kw>
<status status="PASS" starttime="20250226 11:07:32.582" endtime="20250226 11:07:34.744"/>
</kw>
<status status="PASS" starttime="20250226 11:07:32.582" endtime="20250226 11:07:34.744"/>
</branch>
<branch type="ELSE IF" condition="&quot;${field_type}&quot; == &quot;radio&quot;">
<kw name="Click Radio Button" library="BaseKeywords">
<arg>${value}</arg>
<status status="NOT RUN" starttime="20250226 11:07:34.745" endtime="20250226 11:07:34.745"/>
</kw>
<status status="NOT RUN" starttime="20250226 11:07:34.744" endtime="20250226 11:07:34.745"/>
</branch>
<branch type="ELSE IF" condition="&quot;${field_type}&quot; == &quot;switch&quot;">
<kw name="Click Switch" library="BaseKeywords">
<arg>${field_name}</arg>
<arg>${value}</arg>
<status status="NOT RUN" starttime="20250226 11:07:34.745" endtime="20250226 11:07:34.745"/>
</kw>
<status status="NOT RUN" starttime="20250226 11:07:34.745" endtime="20250226 11:07:34.745"/>
</branch>
<branch type="ELSE IF" condition="&quot;${field_type}&quot; == &quot;lookup&quot;">
<kw name="Click Lookup With Search" library="BaseKeywords">
<arg>${field_name}</arg>
<arg>${value}</arg>
<status status="NOT RUN" starttime="20250226 11:07:34.746" endtime="20250226 11:07:34.746"/>
</kw>
<status status="NOT RUN" starttime="20250226 11:07:34.745" endtime="20250226 11:07:34.746"/>
</branch>
<branch type="ELSE IF" condition="&quot;${field_type}&quot; == &quot;date&quot;">
<kw name="Click Date Picker" library="BaseKeywords">
<arg>${field_name}</arg>
<arg>${value}</arg>
<arg>1</arg>
<status status="NOT RUN" starttime="20250226 11:07:34.746" endtime="20250226 11:07:34.746"/>
</kw>
<status status="NOT RUN" starttime="20250226 11:07:34.746" endtime="20250226 11:07:34.746"/>
</branch>
<branch type="ELSE">
<kw name="Log" library="BuiltIn">
<arg>Unknown field type: ${field_type}</arg>
<arg>WARN</arg>
<doc>Logs the given message with the given level.</doc>
<status status="NOT RUN" starttime="20250226 11:07:34.747" endtime="20250226 11:07:34.747"/>
</kw>
<status status="NOT RUN" starttime="20250226 11:07:34.746" endtime="20250226 11:07:34.747"/>
</branch>
<status status="PASS" starttime="20250226 11:07:32.580" endtime="20250226 11:07:34.747"/>
</if>
<status status="PASS" starttime="20250226 11:07:32.580" endtime="20250226 11:07:34.747"/>
</kw>
<kw name="Run Keyword If" library="BuiltIn">
<arg>"${field_name}" == "Code"</arg>
<arg>Set Test Variable</arg>
<arg>${first_sheetcode}</arg>
<arg>${value}</arg>
<doc>Runs the given keyword with the given arguments, if ``condition`` is true.</doc>
<status status="PASS" starttime="20250226 11:07:34.747" endtime="20250226 11:07:34.748"/>
</kw>
<status status="PASS" starttime="20250226 11:07:32.577" endtime="20250226 11:07:34.748"/>
</iter>
<iter>
<var name="${field}">{'name': 'Grid', 'column': 'F', 'field_type': 'ddl'}</var>
<kw name="Get From Dictionary" library="Collections">
<var>${column_letter}</var>
<arg>${field}</arg>
<arg>column</arg>
<doc>Returns a value from the given ``dictionary`` based on the given ``key``.</doc>
<msg timestamp="20250226 11:07:34.748" level="INFO">${column_letter} = F</msg>
<status status="PASS" starttime="20250226 11:07:34.748" endtime="20250226 11:07:34.749"/>
</kw>
<kw name="Get From Dictionary" library="Collections">
<var>${field_name}</var>
<arg>${field}</arg>
<arg>name</arg>
<doc>Returns a value from the given ``dictionary`` based on the given ``key``.</doc>
<msg timestamp="20250226 11:07:34.749" level="INFO">${field_name} = Grid</msg>
<status status="PASS" starttime="20250226 11:07:34.749" endtime="20250226 11:07:34.749"/>
</kw>
<kw name="Get From Dictionary" library="Collections">
<var>${field_type}</var>
<arg>${field}</arg>
<arg>field_type</arg>
<doc>Returns a value from the given ``dictionary`` based on the given ``key``.</doc>
<msg timestamp="20250226 11:07:34.749" level="INFO">${field_type} = ddl</msg>
<status status="PASS" starttime="20250226 11:07:34.749" endtime="20250226 11:07:34.750"/>
</kw>
<kw name="Get From Dictionary" library="Collections">
<var>${value}</var>
<arg>${item}</arg>
<arg>${column_letter}</arg>
<doc>Returns a value from the given ``dictionary`` based on the given ``key``.</doc>
<msg timestamp="20250226 11:07:34.750" level="INFO">${value} = QUARTER</msg>
<status status="PASS" starttime="20250226 11:07:34.750" endtime="20250226 11:07:34.750"/>
</kw>
<kw name="Run Keyword If" library="BuiltIn">
<arg>'${field_type}' == 'NONE' or '${field_name}' == 'NONE' or '${value}' == 'NONE'</arg>
<arg>Continue For Loop</arg>
<doc>Runs the given keyword with the given arguments, if ``condition`` is true.</doc>
<status status="PASS" starttime="20250226 11:07:34.751" endtime="20250226 11:07:34.751"/>
</kw>
<kw name="Input Field By Type" library="BaseKeywords">
<arg>${field_type}</arg>
<arg>${field_name}</arg>
<arg>${value}</arg>
<if>
<branch type="IF" condition="&quot;${field_type}&quot; == &quot;text&quot;">
<kw name="Input Field" library="BaseKeywords">
<arg>${field_name}</arg>
<arg>${value}</arg>
<status status="NOT RUN" starttime="20250226 11:07:34.752" endtime="20250226 11:07:34.752"/>
</kw>
<status status="NOT RUN" starttime="20250226 11:07:34.752" endtime="20250226 11:07:34.752"/>
</branch>
<branch type="ELSE IF" condition="&quot;${field_type}&quot; == &quot;textarea&quot;">
<kw name="Input Text Area Field" library="BaseKeywords">
<arg>${field_name}</arg>
<arg>${value}</arg>
<status status="NOT RUN" starttime="20250226 11:07:34.752" endtime="20250226 11:07:34.753"/>
</kw>
<status status="NOT RUN" starttime="20250226 11:07:34.752" endtime="20250226 11:07:34.753"/>
</branch>
<branch type="ELSE IF" condition="&quot;${field_type}&quot; == &quot;colour&quot;">
<kw name="Input Colour" library="BaseKeywords">
<arg>${field_name}</arg>
<arg>${value}</arg>
<status status="NOT RUN" starttime="20250226 11:07:34.753" endtime="20250226 11:07:34.753"/>
</kw>
<status status="NOT RUN" starttime="20250226 11:07:34.753" endtime="20250226 11:07:34.753"/>
</branch>
<branch type="ELSE IF" condition="&quot;${field_type}&quot; == &quot;ddl&quot;">
<kw name="Click DDL" library="BaseKeywords">
<arg>ifin-form-ddl-${field_name.lower()}</arg>
<arg>${value}</arg>
<kw name="Set Variable" library="BuiltIn">
<var>${PathDropDown}</var>
<arg>//*[@id='${DDLID}']</arg>
<doc>Returns the given values which can then be assigned to a variables.</doc>
<msg timestamp="20250226 11:07:34.755" level="INFO">${PathDropDown} = //*[@id='ifin-form-ddl-grid']</msg>
<status status="PASS" starttime="20250226 11:07:34.754" endtime="20250226 11:07:34.755"/>
</kw>
<kw name="Set Variable" library="BuiltIn">
<var>${PathOption}</var>
<arg>//li[@role="option" and @aria-label="${OptionValue}"]</arg>
<doc>Returns the given values which can then be assigned to a variables.</doc>
<msg timestamp="20250226 11:07:34.755" level="INFO">${PathOption} = //li[@role="option" and @aria-label="QUARTER"]</msg>
<status status="PASS" starttime="20250226 11:07:34.755" endtime="20250226 11:07:34.755"/>
</kw>
<kw name="Wait Until Element Is Visible" library="SeleniumLibrary">
<arg>${PathDropDown}</arg>
<doc>Waits until the element ``locator`` is visible.</doc>
<status status="PASS" starttime="20250226 11:07:34.755" endtime="20250226 11:07:35.176"/>
</kw>
<kw name="Click Element" library="SeleniumLibrary">
<arg>${PathDropDown}</arg>
<doc>Click the element identified by ``locator``.</doc>
<msg timestamp="20250226 11:07:35.177" level="INFO">Clicking element '//*[@id='ifin-form-ddl-grid']'.</msg>
<status status="PASS" starttime="20250226 11:07:35.176" endtime="20250226 11:07:35.811"/>
</kw>
<kw name="Wait Until Element Is Visible" library="SeleniumLibrary">
<arg>${PathOption}</arg>
<doc>Waits until the element ``locator`` is visible.</doc>
<status status="PASS" starttime="20250226 11:07:35.811" endtime="20250226 11:07:36.247"/>
</kw>
<kw name="Click Element" library="SeleniumLibrary">
<arg>${PathOption}</arg>
<doc>Click the element identified by ``locator``.</doc>
<msg timestamp="20250226 11:07:36.248" level="INFO">Clicking element '//li[@role="option" and @aria-label="QUARTER"]'.</msg>
<status status="PASS" starttime="20250226 11:07:36.247" endtime="20250226 11:07:36.898"/>
</kw>
<kw name="Log" library="BuiltIn">
<arg>Clicked ${OptionValue} in ${DDLID}</arg>
<doc>Logs the given message with the given level.</doc>
<msg timestamp="20250226 11:07:36.899" level="INFO">Clicked QUARTER in ifin-form-ddl-grid</msg>
<status status="PASS" starttime="20250226 11:07:36.898" endtime="20250226 11:07:36.899"/>
</kw>
<status status="PASS" starttime="20250226 11:07:34.754" endtime="20250226 11:07:36.899"/>
</kw>
<status status="PASS" starttime="20250226 11:07:34.753" endtime="20250226 11:07:36.899"/>
</branch>
<branch type="ELSE IF" condition="&quot;${field_type}&quot; == &quot;radio&quot;">
<kw name="Click Radio Button" library="BaseKeywords">
<arg>${value}</arg>
<status status="NOT RUN" starttime="20250226 11:07:36.899" endtime="20250226 11:07:36.899"/>
</kw>
<status status="NOT RUN" starttime="20250226 11:07:36.899" endtime="20250226 11:07:36.900"/>
</branch>
<branch type="ELSE IF" condition="&quot;${field_type}&quot; == &quot;switch&quot;">
<kw name="Click Switch" library="BaseKeywords">
<arg>${field_name}</arg>
<arg>${value}</arg>
<status status="NOT RUN" starttime="20250226 11:07:36.900" endtime="20250226 11:07:36.900"/>
</kw>
<status status="NOT RUN" starttime="20250226 11:07:36.900" endtime="20250226 11:07:36.901"/>
</branch>
<branch type="ELSE IF" condition="&quot;${field_type}&quot; == &quot;lookup&quot;">
<kw name="Click Lookup With Search" library="BaseKeywords">
<arg>${field_name}</arg>
<arg>${value}</arg>
<status status="NOT RUN" starttime="20250226 11:07:36.901" endtime="20250226 11:07:36.901"/>
</kw>
<status status="NOT RUN" starttime="20250226 11:07:36.901" endtime="20250226 11:07:36.901"/>
</branch>
<branch type="ELSE IF" condition="&quot;${field_type}&quot; == &quot;date&quot;">
<kw name="Click Date Picker" library="BaseKeywords">
<arg>${field_name}</arg>
<arg>${value}</arg>
<arg>1</arg>
<status status="NOT RUN" starttime="20250226 11:07:36.902" endtime="20250226 11:07:36.902"/>
</kw>
<status status="NOT RUN" starttime="20250226 11:07:36.901" endtime="20250226 11:07:36.902"/>
</branch>
<branch type="ELSE">
<kw name="Log" library="BuiltIn">
<arg>Unknown field type: ${field_type}</arg>
<arg>WARN</arg>
<doc>Logs the given message with the given level.</doc>
<status status="NOT RUN" starttime="20250226 11:07:36.903" endtime="20250226 11:07:36.903"/>
</kw>
<status status="NOT RUN" starttime="20250226 11:07:36.902" endtime="20250226 11:07:36.904"/>
</branch>
<status status="PASS" starttime="20250226 11:07:34.751" endtime="20250226 11:07:36.904"/>
</if>
<status status="PASS" starttime="20250226 11:07:34.751" endtime="20250226 11:07:36.904"/>
</kw>
<kw name="Run Keyword If" library="BuiltIn">
<arg>"${field_name}" == "Code"</arg>
<arg>Set Test Variable</arg>
<arg>${first_sheetcode}</arg>
<arg>${value}</arg>
<doc>Runs the given keyword with the given arguments, if ``condition`` is true.</doc>
<status status="PASS" starttime="20250226 11:07:36.904" endtime="20250226 11:07:36.905"/>
</kw>
<status status="PASS" starttime="20250226 11:07:34.748" endtime="20250226 11:07:36.905"/>
</iter>
<iter>
<var name="${field}">{'name': 'Color', 'column': 'G', 'field_type': 'colour'}</var>
<kw name="Get From Dictionary" library="Collections">
<var>${column_letter}</var>
<arg>${field}</arg>
<arg>column</arg>
<doc>Returns a value from the given ``dictionary`` based on the given ``key``.</doc>
<msg timestamp="20250226 11:07:36.906" level="INFO">${column_letter} = G</msg>
<status status="PASS" starttime="20250226 11:07:36.906" endtime="20250226 11:07:36.907"/>
</kw>
<kw name="Get From Dictionary" library="Collections">
<var>${field_name}</var>
<arg>${field}</arg>
<arg>name</arg>
<doc>Returns a value from the given ``dictionary`` based on the given ``key``.</doc>
<msg timestamp="20250226 11:07:36.907" level="INFO">${field_name} = Color</msg>
<status status="PASS" starttime="20250226 11:07:36.907" endtime="20250226 11:07:36.907"/>
</kw>
<kw name="Get From Dictionary" library="Collections">
<var>${field_type}</var>
<arg>${field}</arg>
<arg>field_type</arg>
<doc>Returns a value from the given ``dictionary`` based on the given ``key``.</doc>
<msg timestamp="20250226 11:07:36.908" level="INFO">${field_type} = colour</msg>
<status status="PASS" starttime="20250226 11:07:36.908" endtime="20250226 11:07:36.908"/>
</kw>
<kw name="Get From Dictionary" library="Collections">
<var>${value}</var>
<arg>${item}</arg>
<arg>${column_letter}</arg>
<doc>Returns a value from the given ``dictionary`` based on the given ``key``.</doc>
<msg timestamp="20250226 11:07:36.909" level="INFO">${value} = DADD4C</msg>
<status status="PASS" starttime="20250226 11:07:36.909" endtime="20250226 11:07:36.909"/>
</kw>
<kw name="Run Keyword If" library="BuiltIn">
<arg>'${field_type}' == 'NONE' or '${field_name}' == 'NONE' or '${value}' == 'NONE'</arg>
<arg>Continue For Loop</arg>
<doc>Runs the given keyword with the given arguments, if ``condition`` is true.</doc>
<status status="PASS" starttime="20250226 11:07:36.909" endtime="20250226 11:07:36.910"/>
</kw>
<kw name="Input Field By Type" library="BaseKeywords">
<arg>${field_type}</arg>
<arg>${field_name}</arg>
<arg>${value}</arg>
<if>
<branch type="IF" condition="&quot;${field_type}&quot; == &quot;text&quot;">
<kw name="Input Field" library="BaseKeywords">
<arg>${field_name}</arg>
<arg>${value}</arg>
<status status="NOT RUN" starttime="20250226 11:07:36.912" endtime="20250226 11:07:36.913"/>
</kw>
<status status="NOT RUN" starttime="20250226 11:07:36.912" endtime="20250226 11:07:36.913"/>
</branch>
<branch type="ELSE IF" condition="&quot;${field_type}&quot; == &quot;textarea&quot;">
<kw name="Input Text Area Field" library="BaseKeywords">
<arg>${field_name}</arg>
<arg>${value}</arg>
<status status="NOT RUN" starttime="20250226 11:07:36.913" endtime="20250226 11:07:36.914"/>
</kw>
<status status="NOT RUN" starttime="20250226 11:07:36.913" endtime="20250226 11:07:36.914"/>
</branch>
<branch type="ELSE IF" condition="&quot;${field_type}&quot; == &quot;colour&quot;">
<kw name="Input Colour" library="BaseKeywords">
<arg>${field_name}</arg>
<arg>${value}</arg>
<kw name="Wait Until Element Is Visible" library="SeleniumLibrary">
<arg>css=.rz-colorpicker</arg>
<arg>timeout=10s</arg>
<doc>Waits until the element ``locator`` is visible.</doc>
<status status="PASS" starttime="20250226 11:07:36.918" endtime="20250226 11:07:37.347"/>
</kw>
<kw name="Execute Javascript" library="SeleniumLibrary">
<arg>document.querySelector('.rz-colorpicker-trigger').click();</arg>
<doc>Executes the given JavaScript code with possible arguments.</doc>
<msg timestamp="20250226 11:07:37.348" level="INFO">Executing JavaScript:
document.querySelector('.rz-colorpicker-trigger').click();
Without any arguments.</msg>
<status status="PASS" starttime="20250226 11:07:37.348" endtime="20250226 11:07:37.565"/>
</kw>
<kw name="Sleep" library="BuiltIn">
<arg>2s</arg>
<doc>Pauses the test executed for the given time.</doc>
<msg timestamp="20250226 11:07:39.581" level="INFO">Slept 2 seconds</msg>
<status status="PASS" starttime="20250226 11:07:37.565" endtime="20250226 11:07:39.581"/>
</kw>
<kw name="Capture Page Screenshot" library="SeleniumLibrary">
<doc>Takes a screenshot of the current page and embeds it into a log file.</doc>
<msg timestamp="20250226 11:07:39.862" level="INFO" html="true">&lt;/td&gt;&lt;/tr&gt;&lt;tr&gt;&lt;td colspan="3"&gt;&lt;a href="selenium-screenshot-8.png"&gt;&lt;img src="selenium-screenshot-8.png" width="800px"&gt;&lt;/a&gt;</msg>
<status status="PASS" starttime="20250226 11:07:39.581" endtime="20250226 11:07:39.862"/>
</kw>
<kw name="Wait Until Page Contains Element" library="SeleniumLibrary">
<arg>xpath=//input[@aria-label="Hex"]</arg>
<arg>timeout=10s</arg>
<doc>Waits until the element ``locator`` appears on the current page.</doc>
<status status="PASS" starttime="20250226 11:07:39.863" endtime="20250226 11:07:40.078"/>
</kw>
<kw name="Clear Element Text" library="SeleniumLibrary">
<arg>xpath=//input[@aria-label="Hex"]</arg>
<doc>Clears the value of the text-input-element identified by ``locator``.</doc>
<status status="PASS" starttime="20250226 11:07:40.078" endtime="20250226 11:07:40.529"/>
</kw>
<kw name="Input Text" library="SeleniumLibrary">
<arg>xpath=//input[@aria-label="Hex"]</arg>
<arg>${Value}</arg>
<doc>Types the given ``text`` into the text field identified by ``locator``.</doc>
<msg timestamp="20250226 11:07:40.532" level="INFO">Typing text 'DADD4C' into text field 'xpath=//input[@aria-label="Hex"]'.</msg>
<status status="PASS" starttime="20250226 11:07:40.530" endtime="20250226 11:07:41.181"/>
</kw>
<kw name="Press Keys" library="SeleniumLibrary">
<arg>xpath=//input[@aria-label="Hex"]</arg>
<arg>ENTER</arg>
<doc>Simulates the user pressing key(s) to an element or on the active browser.</doc>
<msg timestamp="20250226 11:07:41.181" level="INFO">Sending key(s) ('ENTER',) to xpath=//input[@aria-label="Hex"] element.</msg>
<msg timestamp="20250226 11:07:41.888" level="INFO">Pressing special key ENTER to element.</msg>
<msg timestamp="20250226 11:07:41.888" level="INFO">Releasing special key ENTER.</msg>
<status status="PASS" starttime="20250226 11:07:41.181" endtime="20250226 11:07:42.105"/>
</kw>
<kw name="Sleep" library="BuiltIn">
<arg>1s</arg>
<doc>Pauses the test executed for the given time.</doc>
<msg timestamp="20250226 11:07:43.108" level="INFO">Slept 1 second</msg>
<status status="PASS" starttime="20250226 11:07:42.105" endtime="20250226 11:07:43.108"/>
</kw>
<kw name="Execute Javascript" library="SeleniumLibrary">
<arg>document.querySelector("button.rz-primary").scrollIntoView({behavior: 'smooth', block: 'center'});</arg>
<doc>Executes the given JavaScript code with possible arguments.</doc>
<msg timestamp="20250226 11:07:43.109" level="INFO">Executing JavaScript:
[...]
</kw>
<kw name="Run Keyword If" library="BuiltIn">
<arg>"${field_name}" == "Code"</arg>
<arg>Set Test Variable</arg>
<arg>${first_sheetcode}</arg>
<arg>${value}</arg>
<doc>Runs the given keyword with the given arguments, if ``condition`` is true.</doc>
<status status="PASS" starttime="20250226 11:07:48.582" endtime="20250226 11:07:48.582"/>
</kw>
<status status="PASS" starttime="20250226 11:07:46.420" endtime="20250226 11:07:48.582"/>
</iter>
<iter>
<var name="${field}">{'name': 'ModuleID', 'column': 'I', 'field_type': 'lookup'}</var>
<kw name="Get From Dictionary" library="Collections">
<var>${column_letter}</var>
<arg>${field}</arg>
<arg>column</arg>
<doc>Returns a value from the given ``dictionary`` based on the given ``key``.</doc>
<msg timestamp="20250226 11:07:48.584" level="INFO">${column_letter} = I</msg>
<status status="PASS" starttime="20250226 11:07:48.583" endtime="20250226 11:07:48.584"/>
</kw>
<kw name="Get From Dictionary" library="Collections">
<var>${field_name}</var>
<arg>${field}</arg>
<arg>name</arg>
<doc>Returns a value from the given ``dictionary`` based on the given ``key``.</doc>
<msg timestamp="20250226 11:07:48.584" level="INFO">${field_name} = ModuleID</msg>
<status status="PASS" starttime="20250226 11:07:48.584" endtime="20250226 11:07:48.585"/>
</kw>
<kw name="Get From Dictionary" library="Collections">
<var>${field_type}</var>
<arg>${field}</arg>
<arg>field_type</arg>
<doc>Returns a value from the given ``dictionary`` based on the given ``key``.</doc>
<msg timestamp="20250226 11:07:48.585" level="INFO">${field_type} = lookup</msg>
<status status="PASS" starttime="20250226 11:07:48.585" endtime="20250226 11:07:48.585"/>
</kw>
<kw name="Get From Dictionary" library="Collections">
<var>${value}</var>
<arg>${item}</arg>
<arg>${column_letter}</arg>
<doc>Returns a value from the given ``dictionary`` based on the given ``key``.</doc>
<msg timestamp="20250226 11:07:48.586" level="INFO">${value} = IFINCMS</msg>
<status status="PASS" starttime="20250226 11:07:48.585" endtime="20250226 11:07:48.586"/>
</kw>
<kw name="Run Keyword If" library="BuiltIn">
<arg>'${field_type}' == 'NONE' or '${field_name}' == 'NONE' or '${value}' == 'NONE'</arg>
<arg>Continue For Loop</arg>
<doc>Runs the given keyword with the given arguments, if ``condition`` is true.</doc>
<status status="PASS" starttime="20250226 11:07:48.586" endtime="20250226 11:07:48.586"/>
</kw>
<kw name="Input Field By Type" library="BaseKeywords">
<arg>${field_type}</arg>
<arg>${field_name}</arg>
<arg>${value}</arg>
<if>
<branch type="IF" condition="&quot;${field_type}&quot; == &quot;text&quot;">
<kw name="Input Field" library="BaseKeywords">
<arg>${field_name}</arg>
<arg>${value}</arg>
<status status="NOT RUN" starttime="20250226 11:07:48.587" endtime="20250226 11:07:48.587"/>
</kw>
<status status="NOT RUN" starttime="20250226 11:07:48.587" endtime="20250226 11:07:48.587"/>
</branch>
<branch type="ELSE IF" condition="&quot;${field_type}&quot; == &quot;textarea&quot;">
<kw name="Input Text Area Field" library="BaseKeywords">
<arg>${field_name}</arg>
<arg>${value}</arg>
<status status="NOT RUN" starttime="20250226 11:07:48.588" endtime="20250226 11:07:48.588"/>
</kw>
<status status="NOT RUN" starttime="20250226 11:07:48.587" endtime="20250226 11:07:48.588"/>
</branch>
<branch type="ELSE IF" condition="&quot;${field_type}&quot; == &quot;colour&quot;">
<kw name="Input Colour" library="BaseKeywords">
<arg>${field_name}</arg>
<arg>${value}</arg>
<status status="NOT RUN" starttime="20250226 11:07:48.588" endtime="20250226 11:07:48.588"/>
</kw>
<status status="NOT RUN" starttime="20250226 11:07:48.588" endtime="20250226 11:07:48.588"/>
</branch>
<branch type="ELSE IF" condition="&quot;${field_type}&quot; == &quot;ddl&quot;">
<kw name="Click DDL" library="BaseKeywords">
<arg>ifin-form-ddl-${field_name.lower()}</arg>
<arg>${value}</arg>
<status status="NOT RUN" starttime="20250226 11:07:48.589" endtime="20250226 11:07:48.589"/>
</kw>
<status status="NOT RUN" starttime="20250226 11:07:48.588" endtime="20250226 11:07:48.589"/>
</branch>
<branch type="ELSE IF" condition="&quot;${field_type}&quot; == &quot;radio&quot;">
<kw name="Click Radio Button" library="BaseKeywords">
<arg>${value}</arg>
<status status="NOT RUN" starttime="20250226 11:07:48.589" endtime="20250226 11:07:48.589"/>
</kw>
<status status="NOT RUN" starttime="20250226 11:07:48.589" endtime="20250226 11:07:48.589"/>
</branch>
<branch type="ELSE IF" condition="&quot;${field_type}&quot; == &quot;switch&quot;">
<kw name="Click Switch" library="BaseKeywords">
<arg>${field_name}</arg>
<arg>${value}</arg>
<status status="NOT RUN" starttime="20250226 11:07:48.589" endtime="20250226 11:07:48.589"/>
</kw>
<status status="NOT RUN" starttime="20250226 11:07:48.589" endtime="20250226 11:07:48.591"/>
</branch>
<branch type="ELSE IF" condition="&quot;${field_type}&quot; == &quot;lookup&quot;">
<kw name="Click Lookup With Search" library="BaseKeywords">
<arg>${field_name}</arg>
<arg>${value}</arg>
<kw name="Wait Until Element Is Visible" library="SeleniumLibrary">
<arg>//label[@for="${LookupName}" and contains(@class, 'rz-label')]/following::button[1]</arg>
<doc>Waits until the element ``locator`` is visible.</doc>
<status status="PASS" starttime="20250226 11:07:48.592" endtime="20250226 11:07:49.013"/>
</kw>
<kw name="Click Element" library="SeleniumLibrary">
<arg>//label[@for="${LookupName}" and contains(@class, 'rz-label')]/following::button[1]</arg>
<doc>Click the element identified by ``locator``.</doc>
<msg timestamp="20250226 11:07:49.015" level="INFO">Clicking element '//label[@for="ModuleID" and contains(@class, 'rz-label')]/following::button[1]'.</msg>
<status status="PASS" starttime="20250226 11:07:49.014" endtime="20250226 11:07:49.649"/>
</kw>
<kw name="Wait Until Element Is Visible" library="SeleniumLibrary">
<arg>//div[@class='rz-card rz-variant-filled ifinancing360-modal-content']//input[@id='ifin-searchbar']</arg>
<doc>Waits until the element ``locator`` is visible.</doc>
<status status="PASS" starttime="20250226 11:07:49.649" endtime="20250226 11:07:50.083"/>
</kw>
<kw name="Input Text" library="SeleniumLibrary">
<arg>//div[@class='rz-card rz-variant-filled ifinancing360-modal-content']//input[@id='ifin-searchbar']</arg>
<arg>${Search}</arg>
<doc>Types the given ``text`` into the text field identified by ``locator``.</doc>
<msg timestamp="20250226 11:07:50.085" level="INFO">Typing text 'IFINCMS' into text field '//div[@class='rz-card rz-variant-filled ifinancing360-modal-content']//input[@id='ifin-searchbar']'.</msg>
<status status="PASS" starttime="20250226 11:07:50.084" endtime="20250226 11:07:50.750"/>
</kw>
<kw name="Wait Until Element Is Visible" library="SeleniumLibrary">
<arg>//span[contains(@title, '${Search}') and text()='${Search}']</arg>
<doc>Waits until the element ``locator`` is visible.</doc>
<status status="PASS" starttime="20250226 11:07:50.750" endtime="20250226 11:07:51.183"/>
</kw>
<kw name="Sleep" library="BuiltIn">
<arg>1s</arg>
<doc>Pauses the test executed for the given time.</doc>
<msg timestamp="20250226 11:07:52.187" level="INFO">Slept 1 second</msg>
<status status="PASS" starttime="20250226 11:07:51.184" endtime="20250226 11:07:52.187"/>
</kw>
<kw name="Click Element" library="SeleniumLibrary">
<arg>//span[contains(@title, '${Search}') and text()='${Search}']</arg>
<doc>Click the element identified by ``locator``.</doc>
<msg timestamp="20250226 11:07:52.189" level="INFO">Clicking element '//span[contains(@title, 'IFINCMS') and text()='IFINCMS']'.</msg>
<status status="PASS" starttime="20250226 11:07:52.188" endtime="20250226 11:07:52.839"/>
</kw>
<status status="PASS" starttime="20250226 11:07:48.591" endtime="20250226 11:07:52.839"/>
</kw>
<status status="PASS" starttime="20250226 11:07:48.591" endtime="20250226 11:07:52.839"/>
</branch>
<branch type="ELSE IF" condition="&quot;${field_type}&quot; == &quot;date&quot;">
<kw name="Click Date Picker" library="BaseKeywords">
<arg>${field_name}</arg>
<arg>${value}</arg>
<arg>1</arg>
<status status="NOT RUN" starttime="20250226 11:07:52.840" endtime="20250226 11:07:52.840"/>
</kw>
<status status="NOT RUN" starttime="20250226 11:07:52.840" endtime="20250226 11:07:52.840"/>
</branch>
<branch type="ELSE">
<kw name="Log" library="BuiltIn">
<arg>Unknown field type: ${field_type}</arg>
<arg>WARN</arg>
<doc>Logs the given message with the given level.</doc>
<status status="NOT RUN" starttime="20250226 11:07:52.840" endtime="20250226 11:07:52.841"/>
</kw>
<status status="NOT RUN" starttime="20250226 11:07:52.840" endtime="20250226 11:07:52.841"/>
</branch>
<status status="PASS" starttime="20250226 11:07:48.587" endtime="20250226 11:07:52.841"/>
</if>
<status status="PASS" starttime="20250226 11:07:48.586" endtime="20250226 11:07:52.841"/>
</kw>
<kw name="Run Keyword If" library="BuiltIn">
<arg>"${field_name}" == "Code"</arg>
<arg>Set Test Variable</arg>
<arg>${first_sheetcode}</arg>
<arg>${value}</arg>
<doc>Runs the given keyword with the given arguments, if ``condition`` is true.</doc>
<status status="PASS" starttime="20250226 11:07:52.842" endtime="20250226 11:07:52.842"/>
</kw>
<status status="PASS" starttime="20250226 11:07:48.583" endtime="20250226 11:07:52.842"/>
</iter>
<iter>
<var name="${field}">{'name': 'APIName', 'column': 'J', 'field_type': 'text'} {'name': 'APIName', 'column': 'K', 'field_type': 'text'}</var>
<kw name="Get From Dictionary" library="Collections">
<var>${column_letter}</var>
<arg>${field}</arg>
<arg>column</arg>
<doc>Returns a value from the given ``dictionary`` based on the given ``key``.</doc>
<msg timestamp="20250226 11:07:52.843" level="FAIL">TypeError: Expected argument 1 to be a dictionary or dictionary-like, got string instead.</msg>
<status status="FAIL" starttime="20250226 11:07:52.843" endtime="20250226 11:07:52.844"/>
</kw>
<kw name="Get From Dictionary" library="Collections">
<var>${field_name}</var>
<arg>${field}</arg>
<arg>name</arg>
<doc>Returns a value from the given ``dictionary`` based on the given ``key``.</doc>
<status status="NOT RUN" starttime="20250226 11:07:52.845" endtime="20250226 11:07:52.845"/>
</kw>
<kw name="Get From Dictionary" library="Collections">
<var>${field_type}</var>
<arg>${field}</arg>
<arg>field_type</arg>
<doc>Returns a value from the given ``dictionary`` based on the given ``key``.</doc>
<status status="NOT RUN" starttime="20250226 11:07:52.845" endtime="20250226 11:07:52.845"/>
</kw>
<kw name="Get From Dictionary" library="Collections">
<var>${value}</var>
<arg>${item}</arg>
<arg>${column_letter}</arg>
<doc>Returns a value from the given ``dictionary`` based on the given ``key``.</doc>
<status status="NOT RUN" starttime="20250226 11:07:52.846" endtime="20250226 11:07:52.846"/>
</kw>
<kw name="Run Keyword If" library="BuiltIn">
<arg>'${field_type}' == 'NONE' or '${field_name}' == 'NONE' or '${value}' == 'NONE'</arg>
<arg>Continue For Loop</arg>
<doc>Runs the given keyword with the given arguments, if ``condition`` is true.</doc>
<status status="NOT RUN" starttime="20250226 11:07:52.846" endtime="20250226 11:07:52.846"/>
</kw>
<kw name="Input Field By Type" library="BaseKeywords">
<arg>${field_type}</arg>
<arg>${field_name}</arg>
<arg>${value}</arg>
<status status="NOT RUN" starttime="20250226 11:07:52.847" endtime="20250226 11:07:52.847"/>
</kw>
<kw name="Run Keyword If" library="BuiltIn">
<arg>"${field_name}" == "Code"</arg>
<arg>Set Test Variable</arg>
<arg>${first_sheetcode}</arg>
<arg>${value}</arg>
<doc>Runs the given keyword with the given arguments, if ``condition`` is true.</doc>
<status status="NOT RUN" starttime="20250226 11:07:52.848" endtime="20250226 11:07:52.848"/>
</kw>
<status status="FAIL" starttime="20250226 11:07:52.842" endtime="20250226 11:07:52.848"/>
</iter>
<status status="FAIL" starttime="20250226 11:07:27.941" endtime="20250226 11:07:52.849"/>
</for>
<kw name="Run Keyword If" library="BuiltIn">
<arg>'${first_sheetcode}' != ''</arg>
<arg>Append To List</arg>
<arg>${region_list}</arg>
<arg>${first_sheetcode}</arg>
<doc>Runs the given keyword with the given arguments, if ``condition`` is true.</doc>
<status status="NOT RUN" starttime="20250226 11:07:52.849" endtime="20250226 11:07:52.849"/>
</kw>
<kw name="Click Back" library="BaseKeywords">
<status status="NOT RUN" starttime="20250226 11:07:52.849" endtime="20250226 11:07:52.850"/>
</kw>
<status status="FAIL" starttime="20250226 11:07:26.853" endtime="20250226 11:07:52.850"/>
</iter>
<status status="FAIL" starttime="20250226 11:07:26.853" endtime="20250226 11:07:52.850"/>
</for>
<status status="FAIL" starttime="20250226 11:07:26.852" endtime="20250226 11:07:52.850"/>
</branch>
<status status="FAIL" starttime="20250226 11:07:26.852" endtime="20250226 11:07:52.850"/>
</if>
<kw name="Log" library="BuiltIn">
<arg>${region_list}</arg>
<doc>Logs the given message with the given level.</doc>
<status status="NOT RUN" starttime="20250226 11:07:52.851" endtime="20250226 11:07:52.851"/>
</kw>
<if>
<branch type="IF" condition="'${sheet_name}' == 'Detail'">
<kw name="Set Variable" library="BuiltIn">
<var>${prev_code_region}</var>
<arg>${EMPTY}</arg>
<doc>Returns the given values which can then be assigned to a variables.</doc>
<status status="NOT RUN" starttime="20250226 11:07:52.852" endtime="20250226 11:07:52.852"/>
</kw>
<kw name="Set Variable" library="BuiltIn">
<var>${first_time_detail}</var>
<arg>${True}</arg>
<doc>Returns the given values which can then be assigned to a variables.</doc>
<status status="NOT RUN" starttime="20250226 11:07:52.853" endtime="20250226 11:07:52.853"/>
</kw>
<for flavor="IN">
<var>${item}</var>
<value>@{rows}</value>
<iter>
<var name="${item}"/>
<kw name="Get From Dictionary" library="Collections">
<var>${code_region}</var>
<arg>${item}</arg>
<arg>A</arg>
<doc>Returns a value from the given ``dictionary`` based on the given ``key``.</doc>
<status status="NOT RUN" starttime="20250226 11:07:52.854" endtime="20250226 11:07:52.854"/>
</kw>
<kw name="Run Keyword If" library="BuiltIn">
<arg>'${code_region}' not in ${region_list}</arg>
<arg>Continue For Loop</arg>
<doc>Runs the given keyword with the given arguments, if ``condition`` is true.</doc>
<status status="NOT RUN" starttime="20250226 11:07:52.855" endtime="20250226 11:07:52.855"/>
</kw>
<kw name="Run Keyword If" library="BuiltIn">
<arg>'${first_time_detail}' == '${False}' and '${code_region}' != '${prev_code_region}'</arg>
<arg>Run Keyword And Ignore Error</arg>
<arg>Click Back</arg>
<doc>Runs the given keyword with the given arguments, if ``condition`` is true.</doc>
<status status="NOT RUN" starttime="20250226 11:07:52.855" endtime="20250226 11:07:52.856"/>
</kw>
<kw name="Run Keyword If" library="BuiltIn">
<arg>'${first_time_detail}' == '${False}' and '${code_region}' != '${prev_code_region}'</arg>
<arg>Run Keyword And Ignore Error</arg>
<arg>Click Back</arg>
<doc>Runs the given keyword with the given arguments, if ``condition`` is true.</doc>
<status status="NOT RUN" starttime="20250226 11:07:52.856" endtime="20250226 11:07:52.856"/>
</kw>
<kw name="Search In GridTable" library="BaseKeywords">
<arg>${code_region}</arg>
<status status="NOT RUN" starttime="20250226 11:07:52.856" endtime="20250226 11:07:52.857"/>
</kw>
<kw name="Click Add" library="BaseKeywords">
<status status="NOT RUN" starttime="20250226 11:07:52.857" endtime="20250226 11:07:52.857"/>
</kw>
<kw name="Set Variable" library="BuiltIn">
<var>${first_time_detail}</var>
<arg>${False}</arg>
<doc>Returns the given values which can then be assigned to a variables.</doc>
<status status="NOT RUN" starttime="20250226 11:07:52.857" endtime="20250226 11:07:52.858"/>
</kw>
<for flavor="IN">
<var>${field}</var>
<value>@{fields}</value>
<iter>
<var name="${field}"/>
<kw name="Get From Dictionary" library="Collections">
<var>${column_letter}</var>
<arg>${field}</arg>
<arg>column</arg>
<doc>Returns a value from the given ``dictionary`` based on the given ``key``.</doc>
<status status="NOT RUN" starttime="20250226 11:07:52.858" endtime="20250226 11:07:52.858"/>
</kw>
<kw name="Get From Dictionary" library="Collections">
<var>${field_name}</var>
<arg>${field}</arg>
<arg>name</arg>
<doc>Returns a value from the given ``dictionary`` based on the given ``key``.</doc>
<status status="NOT RUN" starttime="20250226 11:07:52.859" endtime="20250226 11:07:52.859"/>
</kw>
<kw name="Get From Dictionary" library="Collections">
<var>${field_type}</var>
<arg>${field}</arg>
<arg>field_type</arg>
<doc>Returns a value from the given ``dictionary`` based on the given ``key``.</doc>
<status status="NOT RUN" starttime="20250226 11:07:52.859" endtime="20250226 11:07:52.859"/>
</kw>
<kw name="Get From Dictionary" library="Collections">
<var>${value}</var>
<arg>${item}</arg>
<arg>${column_letter}</arg>
<doc>Returns a value from the given ``dictionary`` based on the given ``key``.</doc>
<status status="NOT RUN" starttime="20250226 11:07:52.860" endtime="20250226 11:07:52.860"/>
</kw>
<kw name="Run Keyword If" library="BuiltIn">
<arg>'${field_type}' == 'NONE' or '${field_name}' == 'NONE' or '${value}' == 'NONE'</arg>
<arg>Continue For Loop</arg>
<doc>Runs the given keyword with the given arguments, if ``condition`` is true.</doc>
<status status="NOT RUN" starttime="20250226 11:07:52.860" endtime="20250226 11:07:52.860"/>
</kw>
<kw name="Input Field By Type" library="BaseKeywords">
<arg>${field_type}</arg>
<arg>${field_name}</arg>
<arg>${value}</arg>
<status status="NOT RUN" starttime="20250226 11:07:52.860" endtime="20250226 11:07:52.861"/>
</kw>
<status status="NOT RUN" starttime="20250226 11:07:52.858" endtime="20250226 11:07:52.861"/>
</iter>
<status status="NOT RUN" starttime="20250226 11:07:52.858" endtime="20250226 11:07:52.861"/>
</for>
<kw name="Click Back" library="BaseKeywords">
<status status="NOT RUN" starttime="20250226 11:07:52.861" endtime="20250226 11:07:52.861"/>
</kw>
<kw name="Run Keyword If" library="BuiltIn">
<arg>'${code_region}' != '${prev_code_region}'</arg>
<arg>Run Keyword And Ignore Error</arg>
<arg>Click Back</arg>
<doc>Runs the given keyword with the given arguments, if ``condition`` is true.</doc>
<status status="NOT RUN" starttime="20250226 11:07:52.861" endtime="20250226 11:07:52.862"/>
</kw>
<kw name="Set Variable" library="BuiltIn">
<var>${prev_code_region}</var>
<arg>${code_region}</arg>
<doc>Returns the given values which can then be assigned to a variables.</doc>
<status status="NOT RUN" starttime="20250226 11:07:52.862" endtime="20250226 11:07:52.862"/>
</kw>
<status status="NOT RUN" starttime="20250226 11:07:52.853" endtime="20250226 11:07:52.862"/>
</iter>
<status status="NOT RUN" starttime="20250226 11:07:52.853" endtime="20250226 11:07:52.862"/>
</for>
<status status="NOT RUN" starttime="20250226 11:07:52.852" endtime="20250226 11:07:52.863"/>
</branch>
<status status="NOT RUN" starttime="20250226 11:07:52.852" endtime="20250226 11:07:52.863"/>
</if>
<status status="FAIL" starttime="20250226 11:07:26.848" endtime="20250226 11:07:52.863"/>
</iter>
<status status="FAIL" starttime="20250226 11:07:26.847" endtime="20250226 11:07:52.863"/>
</for>
<kw name="Close Workbook" library="RPA.Excel.Files">
<doc>Close the active workbook.</doc>
<status status="NOT RUN" starttime="20250226 11:07:52.863" endtime="20250226 11:07:52.864"/>
</kw>
<status status="FAIL" starttime="20250226 11:07:26.760" endtime="20250226 11:07:52.864"/>
</kw>
<status status="FAIL" starttime="20250226 11:07:00.588" endtime="20250226 11:07:52.911">TypeError: Expected argument 1 to be a dictionary or dictionary-like, got string instead.</status>
</test>
<status status="FAIL" starttime="20250226 11:06:59.962" endtime="20250226 11:07:52.914"/>
</suite>
<statistics>
<total>
<stat pass="0" fail="1" skip="0">All Tests</stat>
</total>
<tag>
</tag>
<suite>
<stat pass="0" fail="1" skip="0" id="s1" name="IFINSYS">IFINSYS</stat>
</suite>
</statistics>
<errors>
<msg timestamp="20250226 11:07:00.574" level="WARN">Imported library 'RPA.Excel' contains no keywords.</msg>
</errors>
</robot>
