<?xml version="1.0" encoding="UTF-8"?>
<robot generator="Robot 6.1.1 (Python 3.10.12 on win32)" generated="20240919 23:53:54.811" rpa="false" schemaversion="4">
<suite id="s1" name="CMS" source="e:\Project\Learn\project3\automation\CMS\CMS.robot">
<test id="s1-t1" name="Complete IFINBASE Workflow" line="25">
<kw name="Set Selenium Speed" library="SeleniumLibrary" type="SETUP">
<arg>0.2 seconds</arg>
<doc>Sets the delay that is waited after each Selenium command.</doc>
<status status="PASS" starttime="20240919 23:53:55.284" endtime="20240919 23:53:55.285"/>
</kw>
<kw name="Download And Prepare Excel">
<kw name="Insert Data Into Excel" library="InsertDataToExcel">
<arg>${ORIGINAL_EXCEL_FILE}</arg>
<arg>${WORKING_EXCEL_FILE}</arg>
<arg>3</arg>
<arg>@{DATA}</arg>
<kw name="Copy File" library="OperatingSystem">
<arg>${original_file}</arg>
<arg>${working_file}</arg>
<doc>Copies the source file into the destination.</doc>
<msg timestamp="20240919 23:53:55.289" level="INFO" html="true">Copied file from '&lt;a href="file://E:\Project\Learn\project3\files\fileocr\excel\GeneralCode.xlsx"&gt;E:\Project\Learn\project3\files\fileocr\excel\GeneralCode.xlsx&lt;/a&gt;' to '&lt;a href="file://E:\Project\Learn\project3\files\fileocr\excel\GeneralCosde.xlsx"&gt;E:\Project\Learn\project3\files\fileocr\excel\GeneralCosde.xlsx&lt;/a&gt;'.</msg>
<status status="PASS" starttime="20240919 23:53:55.286" endtime="20240919 23:53:55.291"/>
</kw>
<kw name="Open Workbook" library="RPA.Excel.Files">
<arg>${working_file}</arg>
<doc>Open an existing Excel workbook.</doc>
<msg timestamp="20240919 23:53:55.310" level="INFO">Opened workbook: &lt;RPA.Excel.Files.XlsxWorkbook object at 0x00000206B77ED2D0&gt;</msg>
<status status="PASS" starttime="20240919 23:53:55.291" endtime="20240919 23:53:55.310"/>
</kw>
<kw name="Set Variable" library="BuiltIn">
<var>${row}</var>
<arg>${start_row}</arg>
<doc>Returns the given values which can then be assigned to a variables.</doc>
<msg timestamp="20240919 23:53:55.311" level="INFO">${row} = 3</msg>
<status status="PASS" starttime="20240919 23:53:55.311" endtime="20240919 23:53:55.311"/>
</kw>
<for flavor="IN RANGE">
<var>${i}</var>
<value>0</value>
<value>${data.__len__()}</value>
<value>3</value>
<iter>
<var name="${i}">0</var>
<kw name="Create List" library="BuiltIn">
<var>@{row_data}</var>
<arg>${data}[${i}]</arg>
<arg>${data}[${i+1}]</arg>
<arg>${data}[${i+2}]</arg>
<arg>${data}[${i+3}]</arg>
<arg>${data}[${i+4}]</arg>
<doc>Returns a list containing given items.</doc>
<msg timestamp="20240919 23:53:55.316" level="INFO">@{row_data} = [ 1 | A55123 | Example Item 1 | 1 | 2 ]</msg>
<status status="PASS" starttime="20240919 23:53:55.313" endtime="20240919 23:53:55.317"/>
</kw>
<kw name="Set Row Values" library="InsertDataToExcel">
<arg>${row}</arg>
<arg>@{row_data}</arg>
<kw name="Set Cell Value" library="RPA.Excel.Files">
<arg>${row}</arg>
<arg>1</arg>
<arg>${values}[0]</arg>
<doc>Set a cell value in the given worksheet.</doc>
<status status="PASS" starttime="20240919 23:53:55.318" endtime="20240919 23:53:55.319"/>
</kw>
<kw name="Set Cell Value" library="RPA.Excel.Files">
<arg>${row}</arg>
<arg>2</arg>
<arg>${values}[1]</arg>
<doc>Set a cell value in the given worksheet.</doc>
<status status="PASS" starttime="20240919 23:53:55.319" endtime="20240919 23:53:55.321"/>
</kw>
<kw name="Set Cell Value" library="RPA.Excel.Files">
<arg>${row}</arg>
<arg>3</arg>
<arg>${values}[2]</arg>
<doc>Set a cell value in the given worksheet.</doc>
<status status="PASS" starttime="20240919 23:53:55.322" endtime="20240919 23:53:55.322"/>
</kw>
<kw name="Set Cell Value" library="RPA.Excel.Files">
<arg>${row}</arg>
<arg>4</arg>
<arg>${values}[3]</arg>
<doc>Set a cell value in the given worksheet.</doc>
<status status="PASS" starttime="20240919 23:53:55.323" endtime="20240919 23:53:55.324"/>
</kw>
<kw name="Set Cell Value" library="RPA.Excel.Files">
<arg>${row}</arg>
<arg>5</arg>
<arg>${values}[4]</arg>
<doc>Set a cell value in the given worksheet.</doc>
<status status="PASS" starttime="20240919 23:53:55.324" endtime="20240919 23:53:55.324"/>
</kw>
<status status="PASS" starttime="20240919 23:53:55.317" endtime="20240919 23:53:55.325"/>
</kw>
<kw name="Evaluate" library="BuiltIn">
<var>${row}</var>
<arg>${row} + 1</arg>
<doc>Evaluates the given expression in Python and returns the result.</doc>
<msg timestamp="20240919 23:53:55.326" level="INFO">${row} = 4</msg>
<status status="PASS" starttime="20240919 23:53:55.325" endtime="20240919 23:53:55.326"/>
</kw>
<status status="PASS" starttime="20240919 23:53:55.313" endtime="20240919 23:53:55.326"/>
</iter>
<iter>
<var name="${i}">3</var>
<kw name="Create List" library="BuiltIn">
<var>@{row_data}</var>
<arg>${data}[${i}]</arg>
<arg>${data}[${i+1}]</arg>
<arg>${data}[${i+2}]</arg>
<arg>${data}[${i+3}]</arg>
<arg>${data}[${i+4}]</arg>
<doc>Returns a list containing given items.</doc>
<msg timestamp="20240919 23:53:55.328" level="INFO">@{row_data} = [ 1 | 2 | DXF456 | Example Item 2 | 1 ]</msg>
<status status="PASS" starttime="20240919 23:53:55.326" endtime="20240919 23:53:55.329"/>
</kw>
<kw name="Set Row Values" library="InsertDataToExcel">
<arg>${row}</arg>
<arg>@{row_data}</arg>
<kw name="Set Cell Value" library="RPA.Excel.Files">
<arg>${row}</arg>
<arg>1</arg>
<arg>${values}[0]</arg>
<doc>Set a cell value in the given worksheet.</doc>
<status status="PASS" starttime="20240919 23:53:55.329" endtime="20240919 23:53:55.330"/>
</kw>
<kw name="Set Cell Value" library="RPA.Excel.Files">
<arg>${row}</arg>
<arg>2</arg>
<arg>${values}[1]</arg>
<doc>Set a cell value in the given worksheet.</doc>
<status status="PASS" starttime="20240919 23:53:55.330" endtime="20240919 23:53:55.331"/>
</kw>
<kw name="Set Cell Value" library="RPA.Excel.Files">
<arg>${row}</arg>
<arg>3</arg>
<arg>${values}[2]</arg>
<doc>Set a cell value in the given worksheet.</doc>
<status status="PASS" starttime="20240919 23:53:55.331" endtime="20240919 23:53:55.332"/>
</kw>
<kw name="Set Cell Value" library="RPA.Excel.Files">
<arg>${row}</arg>
<arg>4</arg>
<arg>${values}[3]</arg>
<doc>Set a cell value in the given worksheet.</doc>
<status status="PASS" starttime="20240919 23:53:55.332" endtime="20240919 23:53:55.332"/>
</kw>
<kw name="Set Cell Value" library="RPA.Excel.Files">
<arg>${row}</arg>
<arg>5</arg>
<arg>${values}[4]</arg>
<doc>Set a cell value in the given worksheet.</doc>
<status status="PASS" starttime="20240919 23:53:55.332" endtime="20240919 23:53:55.333"/>
</kw>
<status status="PASS" starttime="20240919 23:53:55.329" endtime="20240919 23:53:55.333"/>
</kw>
<kw name="Evaluate" library="BuiltIn">
<var>${row}</var>
<arg>${row} + 1</arg>
<doc>Evaluates the given expression in Python and returns the result.</doc>
<msg timestamp="20240919 23:53:55.334" level="INFO">${row} = 5</msg>
<status status="PASS" starttime="20240919 23:53:55.333" endtime="20240919 23:53:55.334"/>
</kw>
<status status="PASS" starttime="20240919 23:53:55.326" endtime="20240919 23:53:55.334"/>
</iter>
<iter>
<var name="${i}">6</var>
<kw name="Create List" library="BuiltIn">
<var>@{row_data}</var>
<arg>${data}[${i}]</arg>
<arg>${data}[${i+1}]</arg>
<arg>${data}[${i+2}]</arg>
<arg>${data}[${i+3}]</arg>
<arg>${data}[${i+4}]</arg>
<doc>Returns a list containing given items.</doc>
<msg timestamp="20240919 23:53:55.337" level="INFO">@{row_data} = [ Example Item 2 | 1 | 3 | GHG789 | Example Item 3 ]</msg>
<status status="PASS" starttime="20240919 23:53:55.334" endtime="20240919 23:53:55.338"/>
</kw>
<kw name="Set Row Values" library="InsertDataToExcel">
<arg>${row}</arg>
<arg>@{row_data}</arg>
<kw name="Set Cell Value" library="RPA.Excel.Files">
<arg>${row}</arg>
<arg>1</arg>
<arg>${values}[0]</arg>
<doc>Set a cell value in the given worksheet.</doc>
<status status="PASS" starttime="20240919 23:53:55.339" endtime="20240919 23:53:55.340"/>
</kw>
<kw name="Set Cell Value" library="RPA.Excel.Files">
<arg>${row}</arg>
<arg>2</arg>
<arg>${values}[1]</arg>
<doc>Set a cell value in the given worksheet.</doc>
<status status="PASS" starttime="20240919 23:53:55.341" endtime="20240919 23:53:55.342"/>
</kw>
<kw name="Set Cell Value" library="RPA.Excel.Files">
<arg>${row}</arg>
<arg>3</arg>
<arg>${values}[2]</arg>
<doc>Set a cell value in the given worksheet.</doc>
<status status="PASS" starttime="20240919 23:53:55.342" endtime="20240919 23:53:55.343"/>
</kw>
<kw name="Set Cell Value" library="RPA.Excel.Files">
<arg>${row}</arg>
<arg>4</arg>
<arg>${values}[3]</arg>
<doc>Set a cell value in the given worksheet.</doc>
<status status="PASS" starttime="20240919 23:53:55.343" endtime="20240919 23:53:55.344"/>
</kw>
<kw name="Set Cell Value" library="RPA.Excel.Files">
<arg>${row}</arg>
<arg>5</arg>
<arg>${values}[4]</arg>
<doc>Set a cell value in the given worksheet.</doc>
<status status="PASS" starttime="20240919 23:53:55.344" endtime="20240919 23:53:55.344"/>
</kw>
<status status="PASS" starttime="20240919 23:53:55.338" endtime="20240919 23:53:55.344"/>
</kw>
<kw name="Evaluate" library="BuiltIn">
<var>${row}</var>
<arg>${row} + 1</arg>
<doc>Evaluates the given expression in Python and returns the result.</doc>
<msg timestamp="20240919 23:53:55.345" level="INFO">${row} = 6</msg>
<status status="PASS" starttime="20240919 23:53:55.345" endtime="20240919 23:53:55.345"/>
</kw>
<status status="PASS" starttime="20240919 23:53:55.334" endtime="20240919 23:53:55.345"/>
</iter>
<iter>
<var name="${i}">9</var>
<kw name="Create List" library="BuiltIn">
<var>@{row_data}</var>
<arg>${data}[${i}]</arg>
<arg>${data}[${i+1}]</arg>
<arg>${data}[${i+2}]</arg>
<arg>${data}[${i+3}]</arg>
<arg>${data}[${i+4}]</arg>
<doc>Returns a list containing given items.</doc>
<msg timestamp="20240919 23:53:55.347" level="INFO">@{row_data} = [ GHG789 | Example Item 3 | -1 | 4 | JKS012 ]</msg>
<status status="PASS" starttime="20240919 23:53:55.346" endtime="20240919 23:53:55.347"/>
</kw>
<kw name="Set Row Values" library="InsertDataToExcel">
<arg>${row}</arg>
<arg>@{row_data}</arg>
<kw name="Set Cell Value" library="RPA.Excel.Files">
<arg>${row}</arg>
<arg>1</arg>
<arg>${values}[0]</arg>
<doc>Set a cell value in the given worksheet.</doc>
<status status="PASS" starttime="20240919 23:53:55.348" endtime="20240919 23:53:55.349"/>
</kw>
<kw name="Set Cell Value" library="RPA.Excel.Files">
<arg>${row}</arg>
<arg>2</arg>
<arg>${values}[1]</arg>
<doc>Set a cell value in the given worksheet.</doc>
<status status="PASS" starttime="20240919 23:53:55.349" endtime="20240919 23:53:55.349"/>
</kw>
<kw name="Set Cell Value" library="RPA.Excel.Files">
<arg>${row}</arg>
<arg>3</arg>
<arg>${values}[2]</arg>
<doc>Set a cell value in the given worksheet.</doc>
<status status="PASS" starttime="20240919 23:53:55.349" endtime="20240919 23:53:55.350"/>
</kw>
<kw name="Set Cell Value" library="RPA.Excel.Files">
<arg>${row}</arg>
<arg>4</arg>
<arg>${values}[3]</arg>
<doc>Set a cell value in the given worksheet.</doc>
<status status="PASS" starttime="20240919 23:53:55.350" endtime="20240919 23:53:55.351"/>
</kw>
<kw name="Set Cell Value" library="RPA.Excel.Files">
<arg>${row}</arg>
<arg>5</arg>
<arg>${values}[4]</arg>
<doc>Set a cell value in the given worksheet.</doc>
<status status="PASS" starttime="20240919 23:53:55.351" endtime="20240919 23:53:55.351"/>
</kw>
<status status="PASS" starttime="20240919 23:53:55.348" endtime="20240919 23:53:55.351"/>
</kw>
<kw name="Evaluate" library="BuiltIn">
<var>${row}</var>
<arg>${row} + 1</arg>
<doc>Evaluates the given expression in Python and returns the result.</doc>
<msg timestamp="20240919 23:53:55.352" level="INFO">${row} = 7</msg>
<status status="PASS" starttime="20240919 23:53:55.351" endtime="20240919 23:53:55.352"/>
</kw>
<status status="PASS" starttime="20240919 23:53:55.345" endtime="20240919 23:53:55.352"/>
</iter>
<iter>
<var name="${i}">12</var>
<kw name="Create List" library="BuiltIn">
<var>@{row_data}</var>
<arg>${data}[${i}]</arg>
<arg>${data}[${i+1}]</arg>
<arg>${data}[${i+2}]</arg>
<arg>${data}[${i+3}]</arg>
<arg>${data}[${i+4}]</arg>
<doc>Returns a list containing given items.</doc>
<msg timestamp="20240919 23:53:55.354" level="INFO">@{row_data} = [ 4 | JKS012 | Example Item 4 | 1 | 5 ]</msg>
<status status="PASS" starttime="20240919 23:53:55.352" endtime="20240919 23:53:55.355"/>
</kw>
<kw name="Set Row Values" library="InsertDataToExcel">
<arg>${row}</arg>
<arg>@{row_data}</arg>
<kw name="Set Cell Value" library="RPA.Excel.Files">
<arg>${row}</arg>
<arg>1</arg>
<arg>${values}[0]</arg>
<doc>Set a cell value in the given worksheet.</doc>
<status status="PASS" starttime="20240919 23:53:55.355" endtime="20240919 23:53:55.356"/>
</kw>
<kw name="Set Cell Value" library="RPA.Excel.Files">
<arg>${row}</arg>
<arg>2</arg>
<arg>${values}[1]</arg>
<doc>Set a cell value in the given worksheet.</doc>
<status status="PASS" starttime="20240919 23:53:55.356" endtime="20240919 23:53:55.356"/>
</kw>
<kw name="Set Cell Value" library="RPA.Excel.Files">
<arg>${row}</arg>
<arg>3</arg>
<arg>${values}[2]</arg>
<doc>Set a cell value in the given worksheet.</doc>
<status status="PASS" starttime="20240919 23:53:55.357" endtime="20240919 23:53:55.357"/>
</kw>
<kw name="Set Cell Value" library="RPA.Excel.Files">
<arg>${row}</arg>
<arg>4</arg>
<arg>${values}[3]</arg>
<doc>Set a cell value in the given worksheet.</doc>
<status status="PASS" starttime="20240919 23:53:55.357" endtime="20240919 23:53:55.358"/>
</kw>
<kw name="Set Cell Value" library="RPA.Excel.Files">
<arg>${row}</arg>
<arg>5</arg>
<arg>${values}[4]</arg>
<doc>Set a cell value in the given worksheet.</doc>
<status status="PASS" starttime="20240919 23:53:55.358" endtime="20240919 23:53:55.358"/>
</kw>
<status status="PASS" starttime="20240919 23:53:55.355" endtime="20240919 23:53:55.359"/>
</kw>
<kw name="Evaluate" library="BuiltIn">
<var>${row}</var>
<arg>${row} + 1</arg>
<doc>Evaluates the given expression in Python and returns the result.</doc>
<msg timestamp="20240919 23:53:55.359" level="INFO">${row} = 8</msg>
<status status="PASS" starttime="20240919 23:53:55.359" endtime="20240919 23:53:55.359"/>
</kw>
<status status="PASS" starttime="20240919 23:53:55.352" endtime="20240919 23:53:55.359"/>
</iter>
<iter>
<var name="${i}">15</var>
<kw name="Create List" library="BuiltIn">
<var>@{row_data}</var>
<arg>${data}[${i}]</arg>
<arg>${data}[${i+1}]</arg>
<arg>${data}[${i+2}]</arg>
<arg>${data}[${i+3}]</arg>
<arg>${data}[${i+4}]</arg>
<doc>Returns a list containing given items.</doc>
<msg timestamp="20240919 23:53:55.361" level="INFO">@{row_data} = [ 1 | 5 | MXO345 | Example Item 5 | -1 ]</msg>
<status status="PASS" starttime="20240919 23:53:55.360" endtime="20240919 23:53:55.361"/>
</kw>
<kw name="Set Row Values" library="InsertDataToExcel">
<arg>${row}</arg>
<arg>@{row_data}</arg>
<kw name="Set Cell Value" library="RPA.Excel.Files">
<arg>${row}</arg>
<arg>1</arg>
<arg>${values}[0]</arg>
<doc>Set a cell value in the given worksheet.</doc>
<status status="PASS" starttime="20240919 23:53:55.362" endtime="20240919 23:53:55.362"/>
</kw>
<kw name="Set Cell Value" library="RPA.Excel.Files">
<arg>${row}</arg>
<arg>2</arg>
<arg>${values}[1]</arg>
<doc>Set a cell value in the given worksheet.</doc>
<status status="PASS" starttime="20240919 23:53:55.362" endtime="20240919 23:53:55.363"/>
</kw>
<kw name="Set Cell Value" library="RPA.Excel.Files">
<arg>${row}</arg>
<arg>3</arg>
<arg>${values}[2]</arg>
<doc>Set a cell value in the given worksheet.</doc>
<status status="PASS" starttime="20240919 23:53:55.363" endtime="20240919 23:53:55.363"/>
</kw>
<kw name="Set Cell Value" library="RPA.Excel.Files">
<arg>${row}</arg>
<arg>4</arg>
<arg>${values}[3]</arg>
<doc>Set a cell value in the given worksheet.</doc>
<status status="PASS" starttime="20240919 23:53:55.363" endtime="20240919 23:53:55.363"/>
</kw>
<kw name="Set Cell Value" library="RPA.Excel.Files">
<arg>${row}</arg>
<arg>5</arg>
<arg>${values}[4]</arg>
<doc>Set a cell value in the given worksheet.</doc>
<status status="PASS" starttime="20240919 23:53:55.364" endtime="20240919 23:53:55.364"/>
</kw>
<status status="PASS" starttime="20240919 23:53:55.361" endtime="20240919 23:53:55.364"/>
</kw>
<kw name="Evaluate" library="BuiltIn">
<var>${row}</var>
<arg>${row} + 1</arg>
<doc>Evaluates the given expression in Python and returns the result.</doc>
<msg timestamp="20240919 23:53:55.365" level="INFO">${row} = 9</msg>
<status status="PASS" starttime="20240919 23:53:55.364" endtime="20240919 23:53:55.365"/>
</kw>
<status status="PASS" starttime="20240919 23:53:55.359" endtime="20240919 23:53:55.365"/>
</iter>
<iter>
<var name="${i}">18</var>
<kw name="Create List" library="BuiltIn">
<var>@{row_data}</var>
<arg>${data}[${i}]</arg>
<arg>${data}[${i+1}]</arg>
<arg>${data}[${i+2}]</arg>
<arg>${data}[${i+3}]</arg>
<arg>${data}[${i+4}]</arg>
<doc>Returns a list containing given items.</doc>
<msg timestamp="20240919 23:53:55.367" level="INFO">@{row_data} = [ Example Item 5 | -1 | 6 | MFO345 | Example Item 5 ]</msg>
<status status="PASS" starttime="20240919 23:53:55.365" endtime="20240919 23:53:55.367"/>
</kw>
<kw name="Set Row Values" library="InsertDataToExcel">
<arg>${row}</arg>
<arg>@{row_data}</arg>
<kw name="Set Cell Value" library="RPA.Excel.Files">
<arg>${row}</arg>
<arg>1</arg>
<arg>${values}[0]</arg>
<doc>Set a cell value in the given worksheet.</doc>
<status status="PASS" starttime="20240919 23:53:55.367" endtime="20240919 23:53:55.368"/>
</kw>
<kw name="Set Cell Value" library="RPA.Excel.Files">
<arg>${row}</arg>
<arg>2</arg>
<arg>${values}[1]</arg>
<doc>Set a cell value in the given worksheet.</doc>
<status status="PASS" starttime="20240919 23:53:55.369" endtime="20240919 23:53:55.369"/>
</kw>
<kw name="Set Cell Value" library="RPA.Excel.Files">
<arg>${row}</arg>
<arg>3</arg>
<arg>${values}[2]</arg>
<doc>Set a cell value in the given worksheet.</doc>
<status status="PASS" starttime="20240919 23:53:55.369" endtime="20240919 23:53:55.370"/>
</kw>
<kw name="Set Cell Value" library="RPA.Excel.Files">
<arg>${row}</arg>
<arg>4</arg>
<arg>${values}[3]</arg>
<doc>Set a cell value in the given worksheet.</doc>
<status status="PASS" starttime="20240919 23:53:55.370" endtime="20240919 23:53:55.370"/>
</kw>
<kw name="Set Cell Value" library="RPA.Excel.Files">
<arg>${row}</arg>
<arg>5</arg>
<arg>${values}[4]</arg>
<doc>Set a cell value in the given worksheet.</doc>
<status status="PASS" starttime="20240919 23:53:55.371" endtime="20240919 23:53:55.371"/>
</kw>
<status status="PASS" starttime="20240919 23:53:55.367" endtime="20240919 23:53:55.371"/>
</kw>
<kw name="Evaluate" library="BuiltIn">
<var>${row}</var>
<arg>${row} + 1</arg>
<doc>Evaluates the given expression in Python and returns the result.</doc>
<msg timestamp="20240919 23:53:55.372" level="INFO">${row} = 10</msg>
<status status="PASS" starttime="20240919 23:53:55.371" endtime="20240919 23:53:55.372"/>
</kw>
<status status="PASS" starttime="20240919 23:53:55.365" endtime="20240919 23:53:55.372"/>
</iter>
<iter>
<var name="${i}">21</var>
<kw name="Create List" library="BuiltIn">
<var>@{row_data}</var>
<arg>${data}[${i}]</arg>
<arg>${data}[${i+1}]</arg>
<arg>${data}[${i+2}]</arg>
<arg>${data}[${i+3}]</arg>
<arg>${data}[${i+4}]</arg>
<doc>Returns a list containing given items.</doc>
<msg timestamp="20240919 23:53:55.374" level="INFO">@{row_data} = [ MFO345 | Example Item 5 | -1 | 7 | MHO345 ]</msg>
<status status="PASS" starttime="20240919 23:53:55.372" endtime="20240919 23:53:55.374"/>
</kw>
<kw name="Set Row Values" library="InsertDataToExcel">
<arg>${row}</arg>
<arg>@{row_data}</arg>
<kw name="Set Cell Value" library="RPA.Excel.Files">
<arg>${row}</arg>
<arg>1</arg>
<arg>${values}[0]</arg>
<doc>Set a cell value in the given worksheet.</doc>
<status status="PASS" starttime="20240919 23:53:55.374" endtime="20240919 23:53:55.375"/>
</kw>
<kw name="Set Cell Value" library="RPA.Excel.Files">
<arg>${row}</arg>
<arg>2</arg>
<arg>${values}[1]</arg>
<doc>Set a cell value in the given worksheet.</doc>
<status status="PASS" starttime="20240919 23:53:55.375" endtime="20240919 23:53:55.376"/>
</kw>
<kw name="Set Cell Value" library="RPA.Excel.Files">
<arg>${row}</arg>
<arg>3</arg>
<arg>${values}[2]</arg>
<doc>Set a cell value in the given worksheet.</doc>
<status status="PASS" starttime="20240919 23:53:55.376" endtime="20240919 23:53:55.376"/>
</kw>
<kw name="Set Cell Value" library="RPA.Excel.Files">
<arg>${row}</arg>
<arg>4</arg>
<arg>${values}[3]</arg>
<doc>Set a cell value in the given worksheet.</doc>
<status status="PASS" starttime="20240919 23:53:55.376" endtime="20240919 23:53:55.377"/>
</kw>
<kw name="Set Cell Value" library="RPA.Excel.Files">
<arg>${row}</arg>
<arg>5</arg>
<arg>${values}[4]</arg>
<doc>Set a cell value in the given worksheet.</doc>
<status status="PASS" starttime="20240919 23:53:55.377" endtime="20240919 23:53:55.377"/>
</kw>
<status status="PASS" starttime="20240919 23:53:55.374" endtime="20240919 23:53:55.377"/>
</kw>
<kw name="Evaluate" library="BuiltIn">
<var>${row}</var>
<arg>${row} + 1</arg>
<doc>Evaluates the given expression in Python and returns the result.</doc>
<msg timestamp="20240919 23:53:55.378" level="INFO">${row} = 11</msg>
<status status="PASS" starttime="20240919 23:53:55.378" endtime="20240919 23:53:55.378"/>
</kw>
<status status="PASS" starttime="20240919 23:53:55.372" endtime="20240919 23:53:55.378"/>
</iter>
<iter>
<var name="${i}">24</var>
<kw name="Create List" library="BuiltIn">
<var>@{row_data}</var>
<arg>${data}[${i}]</arg>
<arg>${data}[${i+1}]</arg>
<arg>${data}[${i+2}]</arg>
<arg>${data}[${i+3}]</arg>
<arg>${data}[${i+4}]</arg>
<doc>Returns a list containing given items.</doc>
<msg timestamp="20240919 23:53:55.380" level="FAIL">List '${data}' has no item in index 28.</msg>
<status status="FAIL" starttime="20240919 23:53:55.378" endtime="20240919 23:53:55.381"/>
</kw>
<kw name="Set Row Values" library="InsertDataToExcel">
<arg>${row}</arg>
<arg>@{row_data}</arg>
<status status="NOT RUN" starttime="20240919 23:53:55.381" endtime="20240919 23:53:55.382"/>
</kw>
<kw name="Evaluate" library="BuiltIn">
<var>${row}</var>
<arg>${row} + 1</arg>
<doc>Evaluates the given expression in Python and returns the result.</doc>
<status status="NOT RUN" starttime="20240919 23:53:55.382" endtime="20240919 23:53:55.382"/>
</kw>
<status status="FAIL" starttime="20240919 23:53:55.378" endtime="20240919 23:53:55.382"/>
</iter>
<status status="FAIL" starttime="20240919 23:53:55.312" endtime="20240919 23:53:55.382"/>
</for>
<kw name="Save Workbook" library="RPA.Excel.Files">
<doc>Save the active workbook.</doc>
<status status="NOT RUN" starttime="20240919 23:53:55.382" endtime="20240919 23:53:55.383"/>
</kw>
<kw name="Close Workbook" library="RPA.Excel.Files">
<doc>Close the active workbook.</doc>
<status status="NOT RUN" starttime="20240919 23:53:55.383" endtime="20240919 23:53:55.383"/>
</kw>
<kw name="Remove File" library="OperatingSystem">
<arg>${original_file}</arg>
<doc>Removes a file with the given path.</doc>
<status status="NOT RUN" starttime="20240919 23:53:55.383" endtime="20240919 23:53:55.383"/>
</kw>
<kw name="Move File" library="OperatingSystem">
<arg>${working_file}</arg>
<arg>${original_file}</arg>
<doc>Moves the source file into the destination.</doc>
<status status="NOT RUN" starttime="20240919 23:53:55.383" endtime="20240919 23:53:55.383"/>
</kw>
<status status="FAIL" starttime="20240919 23:53:55.286" endtime="20240919 23:53:55.384"/>
</kw>
<status status="FAIL" starttime="20240919 23:53:55.285" endtime="20240919 23:53:55.384"/>
</kw>
<status status="FAIL" starttime="20240919 23:53:55.284" endtime="20240919 23:53:55.385">List '${data}' has no item in index 28.</status>
</test>
<status status="FAIL" starttime="20240919 23:53:54.816" endtime="20240919 23:53:55.386"/>
</suite>
<statistics>
<total>
<stat pass="0" fail="1" skip="0">All Tests</stat>
</total>
<tag>
</tag>
<suite>
<stat pass="0" fail="1" skip="0" id="s1" name="CMS">CMS</stat>
</suite>
</statistics>
<errors>
</errors>
</robot>
