<?xml version="1.0" encoding="UTF-8"?>
<robot generator="Robot 6.1.1 (Python 3.10.12 on win32)" generated="20240730 18:13:10.060" rpa="false" schemaversion="4">
<suite id="s1" name="IFINCMS" source="d:\RPA\project3\tests\IFINCMS\IFINCMS.robot">
<test id="s1-t1" name="Login IFINCMS" line="9">
<kw name="Set Selenium Speed" library="SeleniumLibrary">
<arg>0.5 seconds</arg>
<doc>Sets the delay that is waited after each Selenium command.</doc>
<status status="PASS" starttime="20240730 18:13:10.764" endtime="20240730 18:13:10.764"/>
</kw>
<kw name="Valid User Can Login IFINCMS" library="login">
<kw name="Open Browser To Login IFINCMS Page" library="OpenIFINCMSKeyword">
<kw name="Create Webdriver" library="SeleniumLibrary">
<arg>Firefox</arg>
<doc>Creates an instance of Selenium WebDriver.</doc>
<msg timestamp="20240730 18:13:10.767" level="INFO">Creating an instance of the Firefox WebDriver.</msg>
<status status="PASS" starttime="20240730 18:13:10.767" endtime="20240730 18:13:19.860"/>
</kw>
<kw name="Open Browser" library="SeleniumLibrary">
<arg>${IFINCMS}</arg>
<doc>Opens a new browser instance to the optional ``url``.</doc>
<msg timestamp="20240730 18:13:19.862" level="INFO">Opening browser 'firefox' to base url 'http://localhost:5050/login'.</msg>
<status status="PASS" starttime="20240730 18:13:19.861" endtime="20240730 18:13:28.718"/>
</kw>
<kw name="Maximize Browser Window" library="SeleniumLibrary">
<doc>Maximizes current browser window.</doc>
<status status="PASS" starttime="20240730 18:13:28.719" endtime="20240730 18:13:29.486"/>
</kw>
<status status="PASS" starttime="20240730 18:13:10.766" endtime="20240730 18:13:29.486"/>
</kw>
<kw name="Login With Valid Credentials" library="AuthenticationKeyword">
<arg>Danu</arg>
<arg>Danu</arg>
<kw name="Input Text" library="SeleniumLibrary">
<arg>id:UserName</arg>
<arg>${UserName}</arg>
<doc>Types the given ``text`` into the text field identified by ``locator``.</doc>
<msg timestamp="20240730 18:13:29.489" level="INFO">Typing text 'Danu' into text field 'id:UserName'.</msg>
<status status="PASS" starttime="20240730 18:13:29.488" endtime="20240730 18:13:31.106"/>
</kw>
<kw name="Input Password" library="SeleniumLibrary">
<arg>id:Password</arg>
<arg>${Password}</arg>
<doc>Types the given password into the text field identified by ``locator``.</doc>
<msg timestamp="20240730 18:13:31.108" level="INFO">Typing password into text field 'id:Password'.</msg>
<msg timestamp="20240730 18:13:32.139" level="INFO">Temporally setting log level to: NONE</msg>
<msg timestamp="20240730 18:13:32.661" level="INFO">Log level changed from NONE to INFO.</msg>
<status status="PASS" starttime="20240730 18:13:31.107" endtime="20240730 18:13:32.661"/>
</kw>
<kw name="Click Button" library="SeleniumLibrary">
<arg>//button[@type="submit"]</arg>
<doc>Clicks the button identified by ``locator``.</doc>
<msg timestamp="20240730 18:13:32.664" level="INFO">Clicking button '//button[@type="submit"]'.</msg>
<status status="PASS" starttime="20240730 18:13:32.662" endtime="20240730 18:13:35.441"/>
</kw>
<status status="PASS" starttime="20240730 18:13:29.487" endtime="20240730 18:13:35.441"/>
</kw>
<status status="PASS" starttime="20240730 18:13:10.765" endtime="20240730 18:13:35.442"/>
</kw>
<kw name="Logout" library="logout">
<kw name="Click Element" library="SeleniumLibrary">
<arg>xpath:.//div[id="logout"]</arg>
<doc>Click the element identified by ``locator``.</doc>
<msg timestamp="20240730 18:13:35.448" level="INFO">Clicking element 'xpath:.//div[id="logout"]'.</msg>
<msg timestamp="20240730 18:13:36.528" level="INFO" html="true">&lt;/td&gt;&lt;/tr&gt;&lt;tr&gt;&lt;td colspan="3"&gt;&lt;a href="selenium-screenshot-8.png"&gt;&lt;img src="selenium-screenshot-8.png" width="800px"&gt;&lt;/a&gt;</msg>
<msg timestamp="20240730 18:13:36.528" level="FAIL">Element with locator 'xpath:.//div[id="logout"]' not found.</msg>
<status status="FAIL" starttime="20240730 18:13:35.447" endtime="20240730 18:13:36.538"/>
</kw>
<status status="FAIL" starttime="20240730 18:13:35.447" endtime="20240730 18:13:36.539"/>
</kw>
<status status="FAIL" starttime="20240730 18:13:10.761" endtime="20240730 18:13:36.546">Element with locator 'xpath:.//div[id="logout"]' not found.</status>
</test>
<status status="FAIL" starttime="20240730 18:13:10.070" endtime="20240730 18:13:36.549"/>
</suite>
<statistics>
<total>
<stat pass="0" fail="1" skip="0">All Tests</stat>
</total>
<tag>
</tag>
<suite>
<stat pass="0" fail="1" skip="0" id="s1" name="IFINCMS">IFINCMS</stat>
</suite>
</statistics>
<errors>
</errors>
</robot>
