<?xml version="1.0" encoding="UTF-8"?>
<robot generator="Robot 6.1.1 (Python 3.10.12 on win32)" generated="20250226 11:07:01.021" rpa="false" schemaversion="4">
<suite id="s1" name="RPAAutomation" source="C:\Users\Danu\Documents\RPAAutomation">
<suite id="s1-s1" name="Automation" source="C:\Users\Danu\Documents\RPAAutomation\automation">
<suite id="s1-s1-s1" name="IFINSYS" source="C:\Users\Danu\Documents\RPAAutomation\automation\IFINSYS">
<suite id="s1-s1-s1-s1" name="IFINSYS" source="C:\Users\Danu\Documents\RPAAutomation\automation\IFINSYS\IFINSYS.robot">
<test id="s1-s1-s1-s1-t1" name="IFINSYS" line="396">
<kw name="Set Selenium Speed" type="SETUP">
<arg>0.2s</arg>
<msg timestamp="20250226 11:07:01.066" level="FAIL">No keyword with name 'Set Selenium Speed' found.</msg>
<status status="FAIL" starttime="20250226 11:07:01.065" endtime="20250226 11:07:01.067"/>
</kw>
<status status="FAIL" starttime="20250226 11:07:01.062" endtime="20250226 11:07:01.069">Setup failed:
No keyword with name 'Set Selenium Speed' found.</status>
</test>
<status status="FAIL" starttime="20250226 11:07:01.054" endtime="20250226 11:07:01.072"/>
</suite>
<status status="FAIL" starttime="20250226 11:07:01.052" endtime="20250226 11:07:01.074"/>
</suite>
<status status="FAIL" starttime="20250226 11:07:01.049" endtime="20250226 11:07:01.076"/>
</suite>
<status status="FAIL" starttime="20250226 11:07:01.026" endtime="20250226 11:07:01.078"/>
</suite>
<statistics>
<total>
<stat pass="0" fail="1" skip="0">All Tests</stat>
</total>
<tag>
</tag>
<suite>
<stat pass="0" fail="1" skip="0" id="s1" name="RPAAutomation">RPAAutomation</stat>
<stat pass="0" fail="1" skip="0" id="s1-s1" name="Automation">RPAAutomation.Automation</stat>
<stat pass="0" fail="1" skip="0" id="s1-s1-s1" name="IFINSYS">RPAAutomation.Automation.IFINSYS</stat>
<stat pass="0" fail="1" skip="0" id="s1-s1-s1-s1" name="IFINSYS">RPAAutomation.Automation.IFINSYS.IFINSYS</stat>
</suite>
</statistics>
<errors>
<msg timestamp="20250226 11:07:01.057" level="ERROR">Error in file 'C:\Users\Danu\Documents\RPAAutomation\automation\IFINSYS\IFINSYS.robot' on line 2: Resource file 'automation\IFINSYS\TestCases\Employee.robot' does not exist.</msg>
<msg timestamp="20250226 11:07:01.059" level="ERROR">Error in file 'C:\Users\Danu\Documents\RPAAutomation\automation\IFINSYS\IFINSYS.robot' on line 3: Resource file 'resources\Base\BaseKeywords.robot' does not exist.</msg>
</errors>
</robot>
